TN:
SF:src\utils\soap-error-detector.ts
FN:82,detectSoapError
FN:129,detectFromLogs
FN:134,(anonymous_2)
FN:137,(anonymous_3)
FN:144,detectFromStatus
FN:146,(anonymous_5)
FN:168,detectFromData
FN:194,(anonymous_7)
FN:214,collectLogEntries
FN:237,(anonymous_9)
FN:294,collectStatusCandidates
FN:302,(anonymous_11)
FN:334,parseEmbeddedErrorObjects
FN:347,collectEmbeddedErrors
FN:355,(anonymous_14)
FN:395,extractMessagesFromFields
FN:412,extractMessagesFromParams
FN:433,extractTextValue
FN:467,findFirstByLocalName
FN:497,extractAttributes
FN:514,firstAttr
FN:523,attrIndicatesError
FN:535,isErrorSeverity
FN:553,isErrorStatus
FN:579,dedupeEntries
FN:590,dedupeStrings
FN:598,cleanMessage
FN:605,buildEntryContext
FN:619,appendPath
FN:623,localNameOf
FN:628,capitalize
FN:635,toArray
FN:642,decodeXmlEntities
FN:651,truncate
FN:659,findSiblingMessage
FNF:35
FNH:32
FNDA:5,detectSoapError
FNDA:5,detectFromLogs
FNDA:1,(anonymous_2)
FNDA:1,(anonymous_3)
FNDA:4,detectFromStatus
FNDA:1,(anonymous_5)
FNDA:3,detectFromData
FNDA:11,(anonymous_7)
FNDA:12,collectLogEntries
FNDA:0,(anonymous_9)
FNDA:4,collectStatusCandidates
FNDA:0,(anonymous_11)
FNDA:3,parseEmbeddedErrorObjects
FNDA:10,collectEmbeddedErrors
FNDA:0,(anonymous_14)
FNDA:8,extractMessagesFromFields
FNDA:8,extractMessagesFromParams
FNDA:3,extractTextValue
FNDA:18,findFirstByLocalName
FNDA:20,extractAttributes
FNDA:51,firstAttr
FNDA:6,attrIndicatesError
FNDA:7,isErrorSeverity
FNDA:7,isErrorStatus
FNDA:7,dedupeEntries
FNDA:7,dedupeStrings
FNDA:5,cleanMessage
FNDA:3,buildEntryContext
FNDA:21,appendPath
FNDA:44,localNameOf
FNDA:73,capitalize
FNDA:8,toArray
FNDA:3,decodeXmlEntities
FNDA:3,truncate
FNDA:1,findSiblingMessage
DA:1,1
DA:19,1
DA:27,1
DA:41,1
DA:42,1
DA:43,1
DA:44,1
DA:45,1
DA:46,1
DA:59,1
DA:82,1
DA:83,5
DA:84,0
DA:88,5
DA:89,5
DA:91,0
DA:94,5
DA:95,5
DA:96,5
DA:97,0
DA:100,5
DA:101,5
DA:102,0
DA:103,0
DA:104,0
DA:107,5
DA:108,0
DA:111,5
DA:112,5
DA:113,1
DA:116,4
DA:117,4
DA:118,1
DA:121,3
DA:122,3
DA:123,2
DA:126,1
DA:130,5
DA:131,5
DA:132,4
DA:134,1
DA:135,1
DA:137,1
DA:145,4
DA:146,4
DA:147,4
DA:148,3
DA:150,1
DA:151,1
DA:169,3
DA:170,3
DA:171,0
DA:173,3
DA:174,3
DA:175,0
DA:177,3
DA:178,3
DA:179,0
DA:182,3
DA:183,3
DA:184,1
DA:185,1
DA:194,11
DA:195,1
DA:198,1
DA:199,1
DA:215,12
DA:216,0
DA:218,12
DA:219,5
DA:220,5
DA:222,0
DA:223,0
DA:224,0
DA:226,0
DA:236,7
DA:237,0
DA:239,7
DA:240,0
DA:243,7
DA:244,7
DA:245,7
DA:246,7
DA:247,7
DA:248,7
DA:250,7
DA:251,7
DA:259,7
DA:261,7
DA:262,7
DA:263,7
DA:264,1
DA:266,7
DA:267,0
DA:269,7
DA:270,7
DA:272,7
DA:273,7
DA:274,1
DA:283,7
DA:284,11
DA:285,4
DA:287,7
DA:288,7
DA:291,7
DA:295,4
DA:296,0
DA:298,4
DA:299,0
DA:301,4
DA:302,0
DA:304,4
DA:305,0
DA:308,4
DA:309,4
DA:310,4
DA:312,4
DA:313,6
DA:314,6
DA:315,6
DA:316,6
DA:317,1
DA:318,1
DA:326,6
DA:328,0
DA:331,4
DA:335,3
DA:336,1
DA:339,2
DA:340,2
DA:342,0
DA:344,2
DA:348,10
DA:349,0
DA:351,10
DA:352,2
DA:354,8
DA:355,0
DA:357,8
DA:358,0
DA:361,8
DA:362,8
DA:363,8
DA:364,8
DA:369,8
DA:370,8
DA:371,1
DA:372,1
DA:373,1
DA:374,1
DA:384,8
DA:385,14
DA:386,6
DA:388,8
DA:389,8
DA:392,8
DA:396,8
DA:397,8
DA:398,72
DA:399,72
DA:400,1
DA:401,71
DA:402,0
DA:403,0
DA:404,0
DA:409,8
DA:413,8
DA:414,8
DA:415,8
DA:416,1
DA:417,0
DA:419,1
DA:420,1
DA:421,1
DA:422,1
DA:423,1
DA:424,0
DA:426,1
DA:427,1
DA:430,8
DA:434,3
DA:435,0
DA:437,3
DA:438,3
DA:440,0
DA:441,0
DA:442,0
DA:443,0
DA:444,0
DA:447,0
DA:449,0
DA:450,0
DA:452,0
DA:453,0
DA:455,0
DA:456,0
DA:458,0
DA:459,0
DA:460,0
DA:461,0
DA:464,0
DA:468,18
DA:469,0
DA:471,18
DA:472,0
DA:473,0
DA:474,0
DA:475,0
DA:478,0
DA:480,18
DA:481,0
DA:483,18
DA:484,23
DA:485,18
DA:488,0
DA:489,0
DA:490,0
DA:491,0
DA:494,0
DA:498,20
DA:499,20
DA:500,0
DA:502,20
DA:503,33
DA:504,22
DA:506,11
DA:507,0
DA:509,11
DA:511,20
DA:515,51
DA:516,301
DA:517,3
DA:520,48
DA:524,6
DA:525,6
DA:526,0
DA:528,6
DA:529,6
DA:530,0
DA:532,6
DA:536,7
DA:537,6
DA:539,1
DA:540,1
DA:554,7
DA:555,6
DA:557,1
DA:558,1
DA:559,0
DA:561,1
DA:562,1
DA:564,0
DA:565,0
DA:567,0
DA:568,0
DA:570,0
DA:571,0
DA:573,0
DA:574,0
DA:576,0
DA:580,7
DA:581,7
DA:582,2
DA:583,2
DA:584,2
DA:587,7
DA:591,7
DA:592,7
DA:593,2
DA:595,7
DA:599,5
DA:600,0
DA:602,5
DA:606,3
DA:607,3
DA:608,5
DA:610,3
DA:611,0
DA:613,3
DA:614,0
DA:616,3
DA:620,21
DA:624,44
DA:625,44
DA:629,73
DA:630,0
DA:632,73
DA:636,8
DA:637,7
DA:639,1
DA:643,3
DA:652,3
DA:653,3
DA:655,0
DA:656,0
DA:660,1
DA:661,0
DA:663,1
DA:664,1
DA:665,3
DA:666,0
DA:668,3
DA:669,3
DA:670,1
DA:674,0
LF:305
LH:220
BRDA:83,0,0,0
BRDA:83,1,0,5
BRDA:83,1,1,5
BRDA:95,2,0,5
BRDA:95,2,1,0
BRDA:96,3,0,0
BRDA:101,4,0,0
BRDA:103,5,0,0
BRDA:104,6,0,0
BRDA:104,6,1,0
BRDA:107,7,0,0
BRDA:112,8,0,1
BRDA:117,9,0,1
BRDA:122,10,0,2
BRDA:131,11,0,4
BRDA:134,12,0,1
BRDA:134,12,1,0
BRDA:137,13,0,1
BRDA:137,13,1,0
BRDA:147,14,0,3
BRDA:150,15,0,1
BRDA:150,15,1,0
BRDA:153,16,0,1
BRDA:153,16,1,1
BRDA:170,17,0,0
BRDA:174,18,0,0
BRDA:178,19,0,0
BRDA:183,20,0,1
BRDA:187,21,0,1
BRDA:187,21,1,0
BRDA:194,22,0,1
BRDA:214,23,0,5
BRDA:215,24,0,0
BRDA:215,25,0,12
BRDA:215,25,1,12
BRDA:218,26,0,5
BRDA:219,27,0,5
BRDA:223,28,0,0
BRDA:232,29,0,0
BRDA:232,29,1,0
BRDA:236,30,0,0
BRDA:239,31,0,0
BRDA:245,32,0,7
BRDA:245,32,1,6
BRDA:246,33,0,7
BRDA:246,33,1,7
BRDA:247,34,0,7
BRDA:247,34,1,6
BRDA:252,35,0,7
BRDA:252,35,1,7
BRDA:252,35,2,6
BRDA:252,35,3,6
BRDA:252,35,4,1
BRDA:252,35,5,6
BRDA:262,36,0,1
BRDA:262,36,1,6
BRDA:263,37,0,1
BRDA:266,38,0,0
BRDA:273,39,0,1
BRDA:273,40,0,7
BRDA:273,40,1,1
BRDA:284,41,0,4
BRDA:284,42,0,11
BRDA:284,42,1,10
BRDA:295,43,0,0
BRDA:295,44,0,4
BRDA:295,44,1,4
BRDA:298,45,0,0
BRDA:301,46,0,0
BRDA:304,47,0,0
BRDA:315,48,0,6
BRDA:316,49,0,1
BRDA:316,50,0,6
BRDA:316,50,1,1
BRDA:335,51,0,1
BRDA:348,52,0,0
BRDA:348,53,0,10
BRDA:348,53,1,10
BRDA:351,54,0,2
BRDA:354,55,0,0
BRDA:357,56,0,0
BRDA:362,57,0,8
BRDA:362,57,1,6
BRDA:365,58,0,8
BRDA:365,58,1,2
BRDA:365,58,2,7
BRDA:365,58,3,5
BRDA:370,59,0,1
BRDA:373,60,0,1
BRDA:385,61,0,6
BRDA:398,62,0,72
BRDA:398,62,1,72
BRDA:398,62,2,72
BRDA:399,63,0,1
BRDA:399,63,1,71
BRDA:401,64,0,0
BRDA:403,65,0,0
BRDA:414,66,0,8
BRDA:414,66,1,7
BRDA:414,66,2,7
BRDA:416,67,0,0
BRDA:420,68,0,1
BRDA:420,68,1,0
BRDA:420,68,2,0
BRDA:420,68,3,0
BRDA:421,69,0,1
BRDA:421,69,1,0
BRDA:422,70,0,1
BRDA:422,70,1,0
BRDA:423,71,0,0
BRDA:426,72,0,1
BRDA:426,73,0,1
BRDA:426,73,1,1
BRDA:426,73,2,1
BRDA:426,73,3,0
BRDA:426,73,4,0
BRDA:434,74,0,0
BRDA:434,75,0,3
BRDA:434,75,1,3
BRDA:437,76,0,3
BRDA:440,77,0,0
BRDA:443,78,0,0
BRDA:449,79,0,0
BRDA:452,80,0,0
BRDA:455,81,0,0
BRDA:460,82,0,0
BRDA:468,83,0,0
BRDA:468,84,0,18
BRDA:468,84,1,18
BRDA:471,85,0,0
BRDA:474,86,0,0
BRDA:480,87,0,0
BRDA:484,88,0,18
BRDA:490,89,0,0
BRDA:499,90,0,0
BRDA:499,91,0,20
BRDA:499,91,1,20
BRDA:503,92,0,22
BRDA:506,93,0,0
BRDA:506,94,0,11
BRDA:506,94,1,11
BRDA:516,95,0,3
BRDA:525,96,0,0
BRDA:525,97,0,6
BRDA:525,97,1,0
BRDA:529,98,0,0
BRDA:529,99,0,6
BRDA:529,99,1,0
BRDA:536,100,0,6
BRDA:541,101,0,1
BRDA:541,101,1,0
BRDA:541,101,2,0
BRDA:541,101,3,0
BRDA:541,101,4,0
BRDA:541,101,5,0
BRDA:541,101,6,0
BRDA:541,101,7,0
BRDA:541,101,8,0
BRDA:554,102,0,6
BRDA:558,103,0,0
BRDA:561,104,0,1
BRDA:561,105,0,1
BRDA:561,105,1,0
BRDA:564,106,0,0
BRDA:564,107,0,0
BRDA:564,107,1,0
BRDA:564,107,2,0
BRDA:567,108,0,0
BRDA:567,109,0,0
BRDA:567,109,1,0
BRDA:567,109,2,0
BRDA:570,110,0,0
BRDA:570,111,0,0
BRDA:570,111,1,0
BRDA:573,112,0,0
BRDA:582,113,0,2
BRDA:582,113,1,0
BRDA:582,114,0,2
BRDA:582,114,1,0
BRDA:582,115,0,2
BRDA:582,115,1,0
BRDA:583,116,0,2
BRDA:599,117,0,0
BRDA:605,118,0,0
BRDA:610,119,0,0
BRDA:613,120,0,0
BRDA:616,121,0,2
BRDA:616,121,1,1
BRDA:625,122,0,15
BRDA:625,122,1,29
BRDA:629,123,0,0
BRDA:636,124,0,7
BRDA:636,125,0,8
BRDA:636,125,1,1
BRDA:639,126,0,0
BRDA:639,126,1,1
BRDA:651,127,0,0
BRDA:652,128,0,3
BRDA:660,129,0,0
BRDA:660,130,0,1
BRDA:660,130,1,1
BRDA:665,131,0,0
BRDA:669,132,0,1
BRF:203
BRH:111
end_of_record
