TN:
SF:src\Model\BasSoapObject\BasAppInfo.ts
FN:11,(anonymous_10)
FN:14,(anonymous_11)
FN:21,(anonymous_12)
FN:47,(anonymous_13)
FN:55,(anonymous_14)
FN:63,(anonymous_15)
FNF:6
FNH:0
FNDA:0,(anonymous_10)
FNDA:0,(anonymous_11)
FNDA:0,(anonymous_12)
FNDA:0,(anonymous_13)
FNDA:0,(anonymous_14)
FNDA:0,(anonymous_15)
DA:1,1
DA:2,1
DA:3,1
DA:5,1
DA:15,0
DA:22,0
DA:23,0
DA:24,0
DA:25,0
DA:31,0
DA:32,0
DA:33,0
DA:34,0
DA:35,0
DA:38,0
DA:42,0
DA:48,0
DA:49,0
DA:50,0
DA:51,0
DA:56,0
DA:57,0
DA:58,0
DA:59,0
DA:64,0
DA:65,0
DA:66,0
DA:67,0
LF:28
LH:4
BRDA:32,0,0,0
BRDA:32,0,1,0
BRDA:49,1,0,0
BRDA:50,2,0,0
BRDA:57,3,0,0
BRDA:58,4,0,0
BRDA:65,5,0,0
BRDA:66,6,0,0
BRF:8
BRH:0
end_of_record
TN:
SF:src\Model\BasSoapObject\BasParam.ts
FN:14,(anonymous_0)
FN:33,(anonymous_1)
FN:47,(anonymous_2)
FN:76,(anonymous_3)
FN:80,(anonymous_4)
FN:84,(anonymous_5)
FN:88,(anonymous_6)
FN:92,(anonymous_7)
FN:101,(anonymous_8)
FN:105,(anonymous_9)
FN:111,(anonymous_10)
FN:117,(anonymous_11)
FN:122,(anonymous_12)
FN:127,(anonymous_13)
FNF:14
FNH:6
FNDA:0,(anonymous_0)
FNDA:0,(anonymous_1)
FNDA:6,(anonymous_2)
FNDA:1,(anonymous_3)
FNDA:5,(anonymous_4)
FNDA:0,(anonymous_5)
FNDA:0,(anonymous_6)
FNDA:0,(anonymous_7)
FNDA:0,(anonymous_8)
FNDA:2,(anonymous_9)
FNDA:0,(anonymous_10)
FNDA:1,(anonymous_11)
FNDA:0,(anonymous_12)
FNDA:3,(anonymous_13)
DA:3,1
DA:15,0
DA:17,0
DA:19,0
DA:21,0
DA:23,0
DA:25,0
DA:27,0
DA:35,0
DA:36,0
DA:37,0
DA:38,0
DA:39,0
DA:44,0
DA:48,6
DA:49,6
DA:50,6
DA:51,6
DA:53,1
DA:54,1
DA:56,5
DA:57,5
DA:59,0
DA:60,0
DA:62,0
DA:63,0
DA:66,0
DA:67,0
DA:69,0
DA:70,0
DA:77,1
DA:81,5
DA:85,0
DA:89,0
DA:98,0
DA:102,0
DA:107,2
DA:113,0
DA:119,1
DA:124,0
DA:128,3
DA:129,3
DA:131,3
DA:133,1
DA:134,1
DA:136,2
DA:137,2
DA:139,0
DA:140,0
DA:142,0
DA:143,0
DA:145,0
DA:146,0
DA:148,0
DA:149,0
DA:151,3
DA:152,3
LF:57
LH:22
BRDA:15,0,0,0
BRDA:15,0,1,0
BRDA:15,0,2,0
BRDA:15,0,3,0
BRDA:15,0,4,0
BRDA:15,0,5,0
BRDA:35,1,0,0
BRDA:38,2,0,0
BRDA:51,3,0,1
BRDA:51,3,1,5
BRDA:51,3,2,0
BRDA:51,3,3,0
BRDA:51,3,4,0
BRDA:51,3,5,0
BRDA:62,4,0,0
BRDA:62,4,1,0
BRDA:131,5,0,1
BRDA:131,5,1,2
BRDA:131,5,2,0
BRDA:131,5,3,0
BRDA:131,5,4,0
BRDA:131,5,5,0
BRF:22
BRH:4
end_of_record
TN:
SF:src\Model\BasSoapObject\BasParams.ts
FN:7,(anonymous_0)
FN:11,(anonymous_1)
FN:16,(anonymous_2)
FN:21,(anonymous_3)
FN:26,(anonymous_4)
FN:31,(anonymous_5)
FN:36,(anonymous_6)
FN:41,(anonymous_7)
FN:46,(anonymous_8)
FN:51,(anonymous_9)
FN:67,(anonymous_10)
FNF:11
FNH:5
FNDA:2,(anonymous_0)
FNDA:0,(anonymous_1)
FNDA:1,(anonymous_2)
FNDA:2,(anonymous_3)
FNDA:5,(anonymous_4)
FNDA:0,(anonymous_5)
FNDA:0,(anonymous_6)
FNDA:0,(anonymous_7)
FNDA:0,(anonymous_8)
FNDA:0,(anonymous_9)
FNDA:1,(anonymous_10)
DA:1,1
DA:3,1
DA:9,2
DA:13,0
DA:18,1
DA:23,2
DA:28,5
DA:33,0
DA:38,0
DA:43,0
DA:48,0
DA:53,0
DA:69,1
DA:70,1
DA:71,1
DA:73,3
DA:75,1
DA:76,1
LF:18
LH:12
BRF:0
BRH:0
end_of_record
TN:
SF:src\Model\BasSoapObject\BasSecurityContext.ts
FN:10,(anonymous_1)
FN:13,(anonymous_2)
FN:17,(anonymous_3)
FN:20,(anonymous_4)
FN:24,(anonymous_5)
FN:27,(anonymous_6)
FN:59,(anonymous_7)
FN:63,(anonymous_8)
FN:67,(anonymous_9)
FN:72,(anonymous_10)
FNF:10
FNH:7
FNDA:3,(anonymous_1)
FNDA:2,(anonymous_2)
FNDA:2,(anonymous_3)
FNDA:2,(anonymous_4)
FNDA:2,(anonymous_5)
FNDA:1,(anonymous_6)
FNDA:0,(anonymous_7)
FNDA:0,(anonymous_8)
FNDA:2,(anonymous_9)
FNDA:0,(anonymous_10)
DA:3,1
DA:4,1
DA:5,1
DA:7,1
DA:9,2
DA:11,3
DA:14,2
DA:16,2
DA:18,2
DA:21,2
DA:30,1
DA:31,1
DA:35,1
DA:37,1
DA:38,1
DA:39,1
DA:41,1
DA:42,1
DA:44,1
DA:45,1
DA:46,1
DA:49,1
DA:51,0
DA:54,0
DA:60,0
DA:64,0
DA:69,2
DA:73,0
DA:74,0
LF:29
LH:23
BRDA:37,0,0,1
BRDA:37,0,1,0
BRDA:38,1,0,1
BRDA:38,1,1,0
BRDA:41,2,0,1
BRDA:41,2,1,0
BRDA:41,2,2,0
BRDA:44,3,0,1
BRDA:44,3,1,0
BRDA:45,4,0,1
BRDA:45,4,1,0
BRDA:49,5,0,1
BRDA:49,5,1,1
BRDA:49,5,2,0
BRF:14
BRH:7
end_of_record
TN:
SF:src\Model\BasSoapObject\BasSoapFault.ts
FN:18,decodeXmlEntities
FN:30,regexExtract
FN:41,(anonymous_11)
FN:53,(anonymous_12)
FN:80,(anonymous_13)
FN:85,(anonymous_14)
FNF:6
FNH:4
FNDA:7,decodeXmlEntities
FNDA:2,regexExtract
FNDA:0,(anonymous_11)
FNDA:6,(anonymous_12)
FNDA:0,(anonymous_13)
FNDA:1,(anonymous_14)
DA:1,1
DA:2,1
DA:19,7
DA:31,2
DA:32,2
DA:33,2
DA:34,2
DA:37,1
DA:42,0
DA:43,0
DA:44,0
DA:45,0
DA:47,0
DA:54,6
DA:55,6
DA:58,6
DA:60,5
DA:61,5
DA:62,5
DA:66,5
DA:69,5
DA:72,5
DA:75,0
DA:81,0
DA:86,1
DA:87,1
DA:89,1
DA:90,1
DA:92,1
DA:93,1
DA:95,1
DA:96,1
DA:98,1
DA:99,1
DA:101,1
DA:102,1
DA:105,1
DA:106,1
DA:112,1
DA:113,1
DA:114,1
DA:115,1
DA:118,1
DA:119,1
DA:120,1
DA:121,0
DA:122,0
DA:123,1
DA:125,1
LF:49
LH:40
BRDA:33,0,0,0
BRDA:33,1,0,2
BRDA:33,1,1,0
BRDA:42,2,0,0
BRDA:42,2,1,0
BRDA:43,3,0,0
BRDA:54,4,0,0
BRDA:58,5,0,1
BRDA:66,6,0,0
BRDA:93,7,0,1
BRDA:93,8,0,1
BRDA:93,8,1,1
BRDA:96,9,0,1
BRDA:96,10,0,1
BRDA:96,10,1,1
BRDA:99,11,0,0
BRDA:99,12,0,1
BRDA:99,12,1,0
BRDA:102,13,0,0
BRDA:102,14,0,1
BRDA:102,14,1,0
BRDA:106,15,0,0
BRDA:106,16,0,1
BRDA:106,16,1,0
BRDA:112,17,0,0
BRDA:113,18,0,0
BRDA:114,19,0,1
BRDA:115,20,0,1
BRDA:119,21,0,1
BRDA:120,22,0,1
BRDA:120,22,1,0
BRDA:121,23,0,0
BRDA:121,23,1,0
BRDA:122,24,0,0
BRDA:123,25,0,1
BRDA:123,25,1,0
BRF:36
BRH:16
end_of_record
TN:
SF:src\Model\BasSoapObject\BasSysInfo.ts
FN:16,(anonymous_10)
FN:19,(anonymous_11)
FN:32,(anonymous_12)
FN:62,(anonymous_13)
FN:70,(anonymous_14)
FN:78,(anonymous_15)
FN:86,(anonymous_16)
FN:94,(anonymous_17)
FN:101,(anonymous_18)
FN:109,(anonymous_19)
FN:117,(anonymous_20)
FNF:11
FNH:0
FNDA:0,(anonymous_10)
FNDA:0,(anonymous_11)
FNDA:0,(anonymous_12)
FNDA:0,(anonymous_13)
FNDA:0,(anonymous_14)
FNDA:0,(anonymous_15)
FNDA:0,(anonymous_16)
FNDA:0,(anonymous_17)
FNDA:0,(anonymous_18)
FNDA:0,(anonymous_19)
FNDA:0,(anonymous_20)
DA:1,1
DA:2,1
DA:3,1
DA:5,1
DA:20,0
DA:33,0
DA:34,0
DA:35,0
DA:36,0
DA:42,0
DA:43,0
DA:44,0
DA:45,0
DA:46,0
DA:47,0
DA:48,0
DA:49,0
DA:50,0
DA:51,0
DA:54,0
DA:58,0
DA:63,0
DA:64,0
DA:65,0
DA:66,0
DA:71,0
DA:72,0
DA:73,0
DA:74,0
DA:79,0
DA:80,0
DA:81,0
DA:82,0
DA:87,0
DA:88,0
DA:89,0
DA:90,0
DA:95,0
DA:96,0
DA:97,0
DA:98,0
DA:102,0
DA:103,0
DA:104,0
DA:105,0
DA:110,0
DA:111,0
DA:112,0
DA:113,0
DA:118,0
DA:119,0
DA:120,0
DA:121,0
LF:53
LH:4
BRDA:43,0,0,0
BRDA:43,0,1,0
BRDA:64,1,0,0
BRDA:65,2,0,0
BRDA:72,3,0,0
BRDA:73,4,0,0
BRDA:80,5,0,0
BRDA:81,6,0,0
BRDA:88,7,0,0
BRDA:89,8,0,0
BRDA:96,9,0,0
BRDA:97,10,0,0
BRDA:103,11,0,0
BRDA:104,12,0,0
BRDA:111,13,0,0
BRDA:112,14,0,0
BRDA:119,15,0,0
BRDA:120,16,0,0
BRF:18
BRH:0
end_of_record
TN:
SF:src\Model\Model-BasAction\BasAction.ts
FN:15,(anonymous_10)
FN:17,(anonymous_11)
FN:63,(anonymous_12)
FN:68,(anonymous_13)
FNF:4
FNH:2
FNDA:1,(anonymous_10)
FNDA:1,(anonymous_11)
FNDA:0,(anonymous_12)
FNDA:0,(anonymous_13)
DA:5,1
DA:6,1
DA:7,1
DA:8,1
DA:9,1
DA:10,1
DA:13,1
DA:14,1
DA:15,1
DA:18,1
DA:20,1
DA:21,1
DA:23,1
DA:25,1
DA:26,1
DA:27,1
DA:28,1
DA:29,1
DA:30,1
DA:32,1
DA:33,1
DA:34,1
DA:36,1
DA:37,1
DA:39,1
DA:40,1
DA:41,1
DA:42,1
DA:43,1
DA:44,1
DA:45,1
DA:46,1
DA:50,1
DA:51,1
DA:54,0
DA:55,0
DA:56,0
DA:57,0
DA:58,0
DA:60,1
DA:64,0
DA:65,0
DA:69,0
DA:70,0
DA:71,0
DA:77,0
DA:78,0
DA:79,0
DA:80,0
LF:49
LH:35
BRDA:20,0,0,1
BRDA:20,0,1,0
BRDA:29,1,0,1
BRDA:29,1,1,0
BRDA:29,2,0,1
BRDA:29,2,1,1
BRDA:36,3,0,1
BRDA:36,3,1,0
BRDA:40,4,0,1
BRDA:45,5,0,1
BRDA:45,5,1,0
BRDA:45,6,0,1
BRDA:45,6,1,1
BRDA:55,7,0,0
BRDA:55,7,1,0
BRDA:57,8,0,0
BRDA:57,8,1,0
BRDA:78,9,0,0
BRF:18
BRH:9
end_of_record
TN:
SF:src\Model\Model-BasAuth\BasAuth.ts
FN:9,(anonymous_0)
FN:11,(anonymous_1)
FN:19,(anonymous_2)
FN:25,(anonymous_3)
FN:31,(anonymous_4)
FN:37,(anonymous_5)
FN:45,(anonymous_6)
FNF:7
FNH:2
FNDA:1,(anonymous_0)
FNDA:1,(anonymous_1)
FNDA:0,(anonymous_2)
FNDA:0,(anonymous_3)
FNDA:0,(anonymous_4)
FNDA:0,(anonymous_5)
FNDA:0,(anonymous_6)
DA:2,1
DA:3,1
DA:4,1
DA:7,1
DA:9,1
DA:12,1
DA:13,1
DA:14,1
DA:15,1
DA:16,1
DA:20,0
DA:21,0
DA:22,0
DA:26,0
DA:27,0
DA:28,0
DA:32,0
DA:33,0
DA:34,0
DA:38,0
DA:39,0
DA:40,0
DA:41,0
DA:42,0
DA:46,0
DA:47,0
DA:48,0
DA:49,0
LF:28
LH:10
BRF:0
BRH:0
end_of_record
TN:
SF:src\Model\Model-BasAuth\BasAuthHelper.ts
FN:13,(anonymous_0)
FN:18,(anonymous_1)
FN:25,(anonymous_2)
FN:35,(anonymous_3)
FN:49,(anonymous_4)
FN:55,(anonymous_5)
FN:59,(anonymous_6)
FN:65,(anonymous_7)
FNF:8
FNH:2
FNDA:1,(anonymous_0)
FNDA:1,(anonymous_1)
FNDA:0,(anonymous_2)
FNDA:0,(anonymous_3)
FNDA:0,(anonymous_4)
FNDA:0,(anonymous_5)
FNDA:0,(anonymous_6)
FNDA:0,(anonymous_7)
DA:6,1
DA:8,1
DA:13,1
DA:14,1
DA:19,1
DA:20,0
DA:21,0
DA:22,0
DA:27,0
DA:28,0
DA:29,0
DA:31,0
DA:36,0
DA:37,0
DA:38,0
DA:39,0
DA:42,0
DA:43,0
DA:44,0
DA:46,0
DA:51,0
DA:52,0
DA:56,0
DA:61,0
DA:66,0
DA:67,0
DA:69,0
DA:70,0
DA:71,0
DA:74,0
DA:75,0
DA:80,0
DA:81,0
LF:33
LH:5
BRDA:28,0,0,0
BRDA:28,1,0,0
BRDA:28,1,1,0
BRDA:28,1,2,0
BRDA:28,1,3,0
BRDA:37,2,0,0
BRDA:37,2,1,0
BRDA:37,3,0,0
BRDA:37,3,1,0
BRDA:37,3,2,0
BRDA:37,3,3,0
BRDA:67,4,0,0
BRDA:67,4,1,0
BRF:13
BRH:0
end_of_record
TN:
SF:src\Model\Model-BasSoapClient\BasSoapClient.ts
FN:14,tenantKey
FN:19,reopenSessionOnce
FN:26,(anonymous_12)
FN:45,(anonymous_13)
FN:50,(anonymous_14)
FN:55,(anonymous_15)
FN:59,(anonymous_16)
FN:71,(anonymous_17)
FN:78,(anonymous_18)
FN:149,(anonymous_19)
FN:156,(anonymous_20)
FNF:11
FNH:8
FNDA:1,tenantKey
FNDA:1,reopenSessionOnce
FNDA:1,(anonymous_12)
FNDA:2,(anonymous_13)
FNDA:0,(anonymous_14)
FNDA:2,(anonymous_15)
FNDA:2,(anonymous_16)
FNDA:2,(anonymous_17)
FNDA:3,(anonymous_18)
FNDA:0,(anonymous_19)
FNDA:0,(anonymous_20)
DA:1,1
DA:2,1
DA:3,1
DA:4,1
DA:5,1
DA:6,1
DA:7,1
DA:8,1
DA:9,1
DA:10,1
DA:13,1
DA:15,1
DA:16,1
DA:17,1
DA:20,1
DA:21,1
DA:22,1
DA:23,1
DA:24,1
DA:25,1
DA:26,1
DA:27,1
DA:28,1
DA:29,1
DA:31,0
DA:32,0
DA:34,1
DA:37,1
DA:38,1
DA:41,1
DA:42,2
DA:43,2
DA:46,2
DA:47,2
DA:51,0
DA:52,0
DA:56,2
DA:60,2
DA:61,2
DA:62,2
DA:63,2
DA:64,2
DA:65,2
DA:66,2
DA:67,2
DA:68,2
DA:72,2
DA:73,2
DA:76,2
DA:78,2
DA:79,3
DA:87,3
DA:88,2
DA:91,2
DA:92,2
DA:95,1
DA:96,1
DA:97,1
DA:99,1
DA:101,1
DA:102,1
DA:103,1
DA:104,1
DA:105,1
DA:106,1
DA:107,1
DA:108,1
DA:110,1
DA:111,1
DA:113,0
DA:114,0
DA:115,0
DA:116,0
DA:120,0
DA:121,0
DA:123,0
DA:124,0
DA:125,0
DA:126,0
DA:127,0
DA:128,0
DA:129,0
DA:130,0
DA:131,0
DA:132,0
DA:133,0
DA:134,0
DA:136,0
DA:137,0
DA:138,0
DA:139,0
DA:142,0
DA:145,0
DA:150,0
DA:151,0
DA:154,0
DA:156,0
DA:157,0
DA:164,0
DA:165,0
DA:169,0
DA:170,0
DA:172,0
DA:173,0
DA:174,0
DA:175,0
DA:176,0
DA:177,0
DA:179,0
DA:181,0
DA:182,0
DA:183,0
DA:184,0
DA:185,0
DA:187,0
DA:190,0
LF:116
LH:65
BRDA:15,0,0,1
BRDA:15,0,1,0
BRDA:16,1,0,1
BRDA:16,1,1,1
BRDA:20,2,0,0
BRDA:23,3,0,0
BRDA:24,4,0,1
BRDA:24,4,1,0
BRDA:24,5,0,1
BRDA:24,5,1,1
BRDA:28,6,0,1
BRDA:28,6,1,1
BRDA:56,7,0,2
BRDA:56,7,1,0
BRDA:72,8,0,2
BRDA:95,9,0,1
BRDA:95,9,1,1
BRDA:95,9,2,1
BRDA:95,9,3,1
BRDA:95,9,4,1
BRDA:95,9,5,0
BRDA:97,10,0,1
BRDA:97,10,1,1
BRDA:97,10,2,1
BRDA:97,10,3,1
BRDA:99,11,0,1
BRDA:101,12,0,1
BRDA:101,13,0,1
BRDA:101,13,1,1
BRDA:102,14,0,1
BRDA:102,14,1,1
BRDA:106,15,0,1
BRDA:106,15,1,1
BRDA:114,16,0,0
BRDA:114,16,1,0
BRDA:114,17,0,0
BRDA:114,17,1,0
BRDA:121,18,0,0
BRDA:121,18,1,0
BRDA:123,19,0,0
BRDA:123,19,1,0
BRDA:125,20,0,0
BRDA:125,21,0,0
BRDA:125,21,1,0
BRDA:126,22,0,0
BRDA:126,22,1,0
BRDA:130,23,0,0
BRDA:130,23,1,0
BRDA:137,24,0,0
BRDA:137,24,1,0
BRDA:137,25,0,0
BRDA:137,25,1,0
BRDA:150,26,0,0
BRDA:164,27,0,0
BRDA:164,28,0,0
BRDA:164,28,1,0
BRDA:172,29,0,0
BRDA:172,29,1,0
BRDA:172,29,2,0
BRDA:172,29,3,0
BRDA:172,29,4,0
BRDA:172,29,5,0
BRDA:174,30,0,0
BRDA:174,30,1,0
BRDA:174,30,2,0
BRDA:174,30,3,0
BRDA:175,31,0,0
BRDA:176,32,0,0
BRDA:176,33,0,0
BRDA:176,33,1,0
BRDA:179,34,0,0
BRDA:179,34,1,0
BRDA:181,35,0,0
BRDA:181,35,1,0
BRDA:183,36,0,0
BRDA:183,37,0,0
BRDA:183,37,1,0
BRF:77
BRH:27
end_of_record
TN:
SF:src\Model\Model-SessionStorage\SessionStorage.ts
FN:6,(anonymous_0)
FN:9,(anonymous_1)
FN:13,(anonymous_2)
FN:16,(anonymous_3)
FN:19,(anonymous_4)
FN:21,(anonymous_5)
FN:24,(anonymous_6)
FN:27,(anonymous_7)
FN:30,(anonymous_8)
FN:33,(anonymous_9)
FN:38,(anonymous_10)
FN:44,(anonymous_11)
FNF:12
FNH:1
FNDA:0,(anonymous_0)
FNDA:0,(anonymous_1)
FNDA:0,(anonymous_2)
FNDA:0,(anonymous_3)
FNDA:1,(anonymous_4)
FNDA:0,(anonymous_5)
FNDA:0,(anonymous_6)
FNDA:0,(anonymous_7)
FNDA:0,(anonymous_8)
FNDA:0,(anonymous_9)
FNDA:0,(anonymous_10)
FNDA:0,(anonymous_11)
DA:1,1
DA:3,1
DA:5,1
DA:7,0
DA:10,0
DA:12,1
DA:14,0
DA:17,0
DA:22,0
DA:25,0
DA:28,0
DA:31,0
DA:34,0
DA:35,0
DA:40,0
DA:41,0
DA:45,0
DA:46,0
DA:47,0
DA:48,0
LF:20
LH:4
BRF:0
BRH:0
end_of_record
TN:
SF:src\auth\auth.service.ts
FN:33,(anonymous_0)
FN:43,(anonymous_1)
FN:71,(anonymous_2)
FN:103,(anonymous_3)
FN:108,(anonymous_4)
FNF:5
FNH:5
FNDA:23,(anonymous_0)
FNDA:15,(anonymous_1)
FNDA:21,(anonymous_2)
FNDA:34,(anonymous_3)
FNDA:1,(anonymous_4)
DA:1,12
DA:15,12
DA:30,12
DA:34,23
DA:44,15
DA:45,0
DA:47,15
DA:48,0
DA:51,15
DA:55,15
DA:57,15
DA:63,15
DA:72,21
DA:73,1
DA:76,20
DA:77,19
DA:78,19
DA:79,19
DA:80,16
DA:81,16
DA:83,3
DA:88,1
DA:89,1
DA:90,1
DA:91,1
DA:92,1
DA:93,1
DA:94,1
DA:96,0
DA:98,0
DA:104,34
DA:110,1
DA:112,1
DA:113,1
DA:114,1
DA:115,1
DA:119,12
LF:37
LH:33
BRDA:33,0,0,21
BRDA:44,1,0,0
BRDA:44,2,0,15
BRDA:44,2,1,15
BRDA:47,3,0,0
BRDA:47,4,0,15
BRDA:47,4,1,15
BRDA:51,5,0,0
BRDA:51,5,1,15
BRDA:51,6,0,15
BRDA:51,6,1,0
BRDA:53,7,0,15
BRDA:53,7,1,10
BRDA:72,8,0,1
BRDA:72,9,0,21
BRDA:72,9,1,21
BRDA:76,10,0,19
BRDA:81,11,0,16
BRDA:81,11,1,0
BRDA:92,12,0,1
BRDA:92,13,0,1
BRDA:92,13,1,1
BRDA:92,13,2,1
BRDA:94,14,0,1
BRDA:94,14,1,0
BRDA:112,15,0,1
BRDA:112,15,1,0
BRDA:112,16,0,0
BRDA:112,16,1,0
BRF:29
BRH:20
end_of_record
TN:
SF:src\auth\token-revocation.service.ts
FN:9,getRedis
FN:13,(anonymous_11)
FN:14,(anonymous_12)
FN:16,(anonymous_13)
FN:44,sweepExpired
FN:54,tokenKey
FN:68,invalidateToken
FN:96,isTokenRevoked
FN:122,getRevocationMetrics
FN:131,getMemoryRevokedCount
FN:138,safeDecode
FNF:11
FNH:7
FNDA:7,getRedis
FNDA:0,(anonymous_11)
FNDA:0,(anonymous_12)
FNDA:0,(anonymous_13)
FNDA:6,sweepExpired
FNDA:6,tokenKey
FNDA:2,invalidateToken
FNDA:4,isTokenRevoked
FNDA:1,getRevocationMetrics
FNDA:0,getMemoryRevokedCount
FNDA:6,safeDecode
DA:1,4
DA:2,4
DA:3,4
DA:10,7
DA:11,0
DA:12,0
DA:13,0
DA:14,0
DA:15,0
DA:16,0
DA:18,0
DA:20,0
DA:21,0
DA:24,0
DA:25,0
DA:36,4
DA:39,4
DA:40,4
DA:42,4
DA:45,6
DA:46,2
DA:47,0
DA:48,0
DA:51,2
DA:56,6
DA:57,6
DA:58,6
DA:60,6
DA:61,6
DA:68,4
DA:69,2
DA:70,2
DA:72,2
DA:73,2
DA:74,2
DA:75,2
DA:76,2
DA:77,0
DA:78,0
DA:79,0
DA:80,0
DA:81,0
DA:82,0
DA:85,0
DA:87,2
DA:88,2
DA:89,2
DA:96,4
DA:97,4
DA:98,4
DA:99,4
DA:100,4
DA:101,4
DA:102,4
DA:103,0
DA:104,0
DA:105,0
DA:106,0
DA:108,4
DA:109,4
DA:110,2
DA:111,2
DA:113,2
DA:114,0
DA:115,0
DA:116,0
DA:118,2
DA:119,2
DA:122,4
DA:123,1
DA:124,1
DA:125,0
DA:126,0
DA:128,1
DA:131,4
DA:132,0
DA:139,6
DA:141,6
DA:142,6
DA:143,6
DA:144,6
DA:146,6
DA:147,6
DA:148,6
DA:149,6
DA:157,0
DA:158,0
DA:159,0
DA:160,0
DA:161,0
DA:166,0
LF:91
LH:55
BRDA:10,0,0,7
BRDA:11,1,0,0
BRDA:12,2,0,0
BRDA:45,3,0,4
BRDA:47,4,0,0
BRDA:57,5,0,6
BRDA:57,5,1,0
BRDA:58,6,0,0
BRDA:73,7,0,2
BRDA:73,7,1,0
BRDA:74,8,0,2
BRDA:74,8,1,0
BRDA:76,9,0,0
BRDA:78,10,0,0
BRDA:81,11,0,0
BRDA:87,12,0,2
BRDA:100,13,0,4
BRDA:100,13,1,0
BRDA:102,14,0,0
BRDA:105,15,0,0
BRDA:105,15,1,0
BRDA:109,16,0,2
BRDA:113,17,0,0
BRDA:124,18,0,0
BRDA:141,19,0,6
BRDA:141,19,1,0
BRDA:142,20,0,6
BRDA:144,21,0,6
BRDA:147,22,0,6
BRDA:159,23,0,0
BRF:30
BRH:12
end_of_record
TN:
SF:src\common\errors\index.ts
FN:19,(anonymous_0)
FN:38,(anonymous_1)
FN:44,(anonymous_2)
FN:50,(anonymous_3)
FN:56,(anonymous_4)
FN:62,(anonymous_5)
FN:68,(anonymous_6)
FN:74,(anonymous_7)
FN:79,errorHttpStatus
FNF:9
FNH:8
FNDA:9,(anonymous_0)
FNDA:4,(anonymous_1)
FNDA:1,(anonymous_2)
FNDA:1,(anonymous_3)
FNDA:1,(anonymous_4)
FNDA:1,(anonymous_5)
FNDA:1,(anonymous_6)
FNDA:0,(anonymous_7)
FNDA:8,errorHttpStatus
DA:14,9
DA:20,9
DA:21,9
DA:22,9
DA:23,9
DA:24,9
DA:37,9
DA:39,4
DA:43,9
DA:45,1
DA:49,9
DA:51,1
DA:55,9
DA:57,1
DA:61,9
DA:63,1
DA:67,9
DA:69,1
DA:73,9
DA:75,0
DA:79,9
DA:80,8
DA:81,8
DA:83,1
DA:85,1
DA:87,1
DA:89,1
DA:91,1
DA:93,3
DA:95,0
DA:98,0
LF:31
LH:28
BRDA:44,0,0,0
BRDA:50,1,0,0
BRDA:56,2,0,0
BRDA:62,3,0,0
BRDA:68,4,0,0
BRDA:74,5,0,0
BRDA:80,6,0,8
BRDA:81,7,0,1
BRDA:81,7,1,1
BRDA:81,7,2,1
BRDA:81,7,3,1
BRDA:81,7,4,1
BRDA:81,7,5,3
BRDA:81,7,6,0
BRF:14
BRH:7
end_of_record
TN:
SF:src\config\env.ts
FN:17,number
FNF:1
FNH:1
FNDA:35,number
DA:1,7
DA:4,7
DA:18,35
DA:19,35
DA:20,0
DA:21,0
DA:24,7
DA:35,7
LF:8
LH:6
BRDA:19,0,0,35
BRDA:21,1,0,0
BRDA:21,1,1,0
BRDA:26,2,0,7
BRDA:26,2,1,7
BRDA:27,3,0,7
BRDA:27,3,1,0
BRDA:28,4,0,7
BRDA:28,4,1,7
BRF:9
BRH:6
end_of_record
TN:
SF:src\errors\problem.ts
FN:11,problem
FN:18,toProblem
FNF:2
FNH:2
FNDA:8,problem
FNDA:8,toProblem
DA:11,8
DA:12,8
DA:13,8
DA:14,8
DA:15,8
DA:18,8
DA:19,8
LF:7
LH:7
BRDA:13,0,0,8
BRDA:14,1,0,8
BRDA:15,2,0,8
BRDA:15,2,1,0
BRF:4
BRH:3
end_of_record
TN:
SF:src\lib\user-queue.ts
FN:6,createLimiter
FN:10,(anonymous_1)
FN:18,(anonymous_2)
FN:19,(anonymous_3)
FN:20,(anonymous_4)
FN:41,keyOf
FN:45,withUserQueue
FN:55,userQueueKey
FNF:8
FNH:7
FNDA:2,createLimiter
FNDA:8,(anonymous_1)
FNDA:4,(anonymous_2)
FNDA:4,(anonymous_3)
FNDA:4,(anonymous_4)
FNDA:4,keyOf
FNDA:4,withUserQueue
FNDA:0,userQueueKey
DA:1,2
DA:7,2
DA:8,2
DA:10,2
DA:11,8
DA:12,7
DA:13,7
DA:14,4
DA:15,4
DA:18,2
DA:19,4
DA:20,4
DA:21,4
DA:22,4
DA:23,4
DA:25,0
DA:27,4
DA:28,4
DA:31,4
DA:32,4
DA:36,2
DA:39,2
DA:42,4
DA:45,2
DA:46,4
DA:47,4
DA:48,4
DA:49,2
DA:50,2
DA:52,4
DA:55,2
DA:56,0
LF:32
LH:30
BRDA:1,0,0,2
BRDA:1,0,1,0
BRDA:1,1,0,2
BRDA:1,1,1,2
BRDA:11,2,0,1
BRDA:13,3,0,3
BRDA:42,4,0,4
BRDA:42,4,1,0
BRDA:42,5,0,4
BRDA:42,5,1,1
BRDA:48,6,0,2
BRF:11
BRH:9
end_of_record
TN:
SF:src\middleware\async-handler.ts
FN:5,asyncHandler
FN:6,wrapped
FNF:2
FNH:2
FNDA:1,asyncHandler
FNDA:3,wrapped
DA:5,1
DA:6,1
DA:7,3
LF:3
LH:3
BRF:0
BRH:0
end_of_record
TN:
SF:src\middleware\auth.fastify.ts
FN:8,extractToken
FN:20,authPreHandler
FNF:2
FNH:2
FNDA:1,extractToken
FNDA:1,authPreHandler
DA:2,1
DA:3,1
DA:5,1
DA:6,1
DA:9,1
DA:10,1
DA:11,1
DA:12,1
DA:14,0
DA:15,0
DA:17,0
DA:20,1
DA:21,1
DA:22,1
DA:23,1
DA:24,0
DA:26,1
DA:27,1
DA:28,0
DA:29,0
DA:31,1
DA:32,1
DA:33,0
DA:35,1
DA:38,1
DA:39,1
DA:40,1
DA:41,1
DA:42,1
DA:43,1
DA:44,1
DA:45,1
DA:48,0
DA:49,0
LF:34
LH:25
BRDA:9,0,0,1
BRDA:9,0,1,0
BRDA:10,1,0,1
BRDA:12,2,0,1
BRDA:14,3,0,0
BRDA:14,4,0,0
BRDA:14,4,1,0
BRDA:23,5,0,0
BRDA:26,6,0,1
BRDA:26,6,1,0
BRDA:26,6,2,0
BRDA:27,7,0,0
BRDA:32,8,0,0
BRDA:39,9,0,1
BRDA:39,10,0,1
BRDA:39,10,1,1
BRDA:44,11,0,0
BRDA:49,12,0,0
BRDA:49,12,1,0
BRF:19
BRH:7
end_of_record
TN:
SF:src\middleware\auth.middleware.ts
FN:8,extractToken
FN:22,authMiddleware
FNF:2
FNH:2
FNDA:11,extractToken
FNDA:11,authMiddleware
DA:2,6
DA:3,6
DA:5,6
DA:6,6
DA:9,11
DA:10,11
DA:11,9
DA:12,9
DA:14,2
DA:15,2
DA:16,2
DA:17,0
DA:19,2
DA:22,6
DA:23,11
DA:24,11
DA:25,11
DA:26,2
DA:28,9
DA:29,9
DA:30,0
DA:31,0
DA:33,9
DA:34,9
DA:35,1
DA:37,8
DA:39,8
DA:41,8
DA:42,8
DA:43,8
DA:44,8
DA:45,8
DA:46,7
DA:48,8
DA:50,8
DA:52,0
DA:53,0
LF:37
LH:32
BRDA:9,0,0,11
BRDA:9,0,1,2
BRDA:10,1,0,9
BRDA:12,2,0,9
BRDA:14,3,0,0
BRDA:15,4,0,0
BRDA:16,5,0,0
BRDA:16,6,0,2
BRDA:16,6,1,2
BRDA:25,7,0,2
BRDA:28,8,0,9
BRDA:28,8,1,0
BRDA:28,8,2,0
BRDA:29,9,0,0
BRDA:34,10,0,1
BRDA:39,11,0,8
BRDA:39,12,0,8
BRDA:39,12,1,8
BRDA:45,13,0,7
BRDA:52,14,0,0
BRDA:52,14,1,0
BRDA:53,15,0,0
BRDA:53,15,1,0
BRF:23
BRH:13
end_of_record
TN:
SF:src\middleware\correlation.ts
FN:5,(anonymous_0)
FN:6,(anonymous_1)
FN:21,correlationId
FNF:3
FNH:1
FNDA:0,(anonymous_0)
FNDA:0,(anonymous_1)
FNDA:3,correlationId
DA:3,2
DA:5,2
DA:6,0
DA:7,0
DA:8,0
DA:10,0
DA:11,0
DA:12,0
DA:21,2
DA:22,3
DA:23,3
DA:24,3
DA:25,3
DA:26,3
DA:27,3
DA:28,3
LF:16
LH:10
BRDA:8,0,0,0
BRDA:8,0,1,0
BRDA:8,1,0,0
BRDA:8,1,1,0
BRDA:22,2,0,3
BRDA:22,2,1,3
BRDA:23,3,0,0
BRDA:23,3,1,3
BRDA:23,4,0,3
BRDA:23,4,1,0
BRF:10
BRH:4
end_of_record
TN:
SF:src\middleware\error-handler.ts
FN:5,notFoundHandler
FN:11,errorHandler
FNF:2
FNH:1
FNDA:0,notFoundHandler
FNDA:8,errorHandler
DA:2,8
DA:3,8
DA:5,8
DA:6,0
DA:7,0
DA:8,0
DA:11,8
DA:12,8
DA:13,8
DA:17,8
DA:19,8
DA:20,8
DA:21,8
DA:27,8
DA:35,8
DA:36,8
DA:37,8
DA:38,3
DA:41,8
LF:19
LH:16
BRDA:6,0,0,0
BRDA:6,0,1,0
BRDA:6,0,2,0
BRDA:12,1,0,8
BRDA:12,1,1,5
BRDA:12,1,2,5
BRDA:13,2,0,8
BRDA:13,2,1,0
BRDA:15,3,0,0
BRDA:15,3,1,0
BRDA:21,4,0,3
BRDA:21,4,1,5
BRDA:23,5,0,1
BRDA:23,5,1,4
BRDA:37,6,0,3
BRF:15
BRH:9
end_of_record
TN:
SF:src\middleware\token-revocation-precheck.middleware.ts
FN:6,tokenRevocationPrecheck
FNF:1
FNH:1
FNDA:2,tokenRevocationPrecheck
DA:2,1
DA:4,1
DA:6,1
DA:7,2
DA:8,2
DA:9,2
DA:10,2
DA:11,2
DA:12,1
DA:14,0
DA:17,1
LF:11
LH:10
BRDA:10,0,0,0
BRDA:11,1,0,1
BRF:2
BRH:1
end_of_record
TN:
SF:src\middleware\zod.fastify.ts
FN:5,validateBodyFastify
FN:6,(anonymous_1)
FN:9,(anonymous_2)
FNF:3
FNH:2
FNDA:22,validateBodyFastify
FNDA:1,(anonymous_1)
FNDA:0,(anonymous_2)
DA:3,1
DA:5,1
DA:6,22
DA:7,1
DA:8,1
DA:9,0
DA:14,0
DA:15,0
DA:17,1
LF:9
LH:6
BRDA:8,0,0,0
BRF:1
BRH:0
end_of_record
TN:
SF:src\observability\metrics.ts
FN:96,recordQueueSize
FN:100,observeSoapDuration
FN:104,observeSoapDurationLabeled
FN:113,metricsInstrumentation
FN:116,(anonymous_4)
FN:127,metricsHandler
FNF:6
FNH:6
FNDA:2,recordQueueSize
FNDA:1,observeSoapDuration
FNDA:1,observeSoapDurationLabeled
FNDA:2,metricsInstrumentation
FNDA:2,(anonymous_4)
FNDA:1,metricsHandler
DA:1,4
DA:3,4
DA:6,4
DA:7,4
DA:9,4
DA:16,4
DA:24,4
DA:31,4
DA:38,4
DA:44,4
DA:51,4
DA:57,4
DA:66,4
DA:75,4
DA:82,4
DA:89,4
DA:96,4
DA:97,2
DA:100,4
DA:101,1
DA:104,4
DA:105,1
DA:106,0
DA:107,0
DA:108,0
DA:113,4
DA:114,2
DA:115,2
DA:116,2
DA:117,2
DA:118,2
DA:119,2
DA:120,2
DA:121,2
DA:123,2
DA:127,4
DA:128,1
DA:129,1
DA:130,0
DA:131,0
DA:132,0
DA:136,1
DA:137,1
DA:138,1
DA:139,1
DA:140,1
DA:142,0
DA:147,1
DA:148,1
LF:49
LH:42
BRDA:105,0,0,0
BRDA:106,1,0,0
BRDA:106,1,1,0
BRDA:106,2,0,0
BRDA:106,2,1,0
BRDA:106,3,0,0
BRDA:106,3,1,0
BRDA:107,4,0,0
BRDA:107,4,1,0
BRDA:107,5,0,0
BRDA:107,5,1,0
BRDA:107,6,0,0
BRDA:107,6,1,0
BRDA:115,7,0,2
BRDA:115,7,1,2
BRDA:115,7,2,0
BRDA:129,8,0,0
BRDA:131,9,0,0
BRDA:131,10,0,0
BRDA:131,10,1,0
BRDA:138,11,0,1
BRDA:138,11,1,0
BRF:22
BRH:3
end_of_record
TN:
SF:src\observability\soap-audit.ts
FN:26,(anonymous_9)
FN:29,(anonymous_10)
FN:33,(anonymous_11)
FN:39,(anonymous_12)
FN:42,(anonymous_13)
FN:47,(anonymous_14)
FN:52,(anonymous_15)
FN:75,readJsonL
FN:97,getIndexMeta
FN:101,setIndexMeta
FN:103,appendToIndexFrom
FN:107,(anonymous_20)
FN:113,(anonymous_21)
FN:117,rebuildIndex
FN:123,ensureIndexUpToDate
FN:125,(anonymous_24)
FN:137,findStartOffsetFromIndex
FN:142,(anonymous_26)
FN:151,(anonymous_27)
FN:160,queryFile
FN:189,(anonymous_29)
FN:197,(anonymous_30)
FN:204,(anonymous_31)
FN:210,(anonymous_32)
FN:213,(anonymous_33)
FN:217,(anonymous_34)
FN:267,(anonymous_35)
FN:272,(anonymous_36)
FNF:28
FNH:3
FNDA:1,(anonymous_9)
FNDA:2,(anonymous_10)
FNDA:2,(anonymous_11)
FNDA:0,(anonymous_12)
FNDA:0,(anonymous_13)
FNDA:0,(anonymous_14)
FNDA:0,(anonymous_15)
FNDA:0,readJsonL
FNDA:0,getIndexMeta
FNDA:0,setIndexMeta
FNDA:0,appendToIndexFrom
FNDA:0,(anonymous_20)
FNDA:0,(anonymous_21)
FNDA:0,rebuildIndex
FNDA:0,ensureIndexUpToDate
FNDA:0,(anonymous_24)
FNDA:0,findStartOffsetFromIndex
FNDA:0,(anonymous_26)
FNDA:0,(anonymous_27)
FNDA:0,queryFile
FNDA:0,(anonymous_29)
FNDA:0,(anonymous_30)
FNDA:0,(anonymous_31)
FNDA:0,(anonymous_32)
FNDA:0,(anonymous_33)
FNDA:0,(anonymous_34)
FNDA:0,(anonymous_35)
FNDA:0,(anonymous_36)
DA:1,1
DA:2,1
DA:3,1
DA:4,1
DA:22,1
DA:23,1
DA:24,1
DA:27,1
DA:30,2
DA:35,2
DA:36,2
DA:38,2
DA:39,2
DA:43,0
DA:44,0
DA:48,0
DA:49,0
DA:52,0
DA:72,1
DA:73,1
DA:76,0
DA:77,0
DA:78,0
DA:79,0
DA:80,0
DA:81,0
DA:82,0
DA:83,0
DA:84,0
DA:85,0
DA:87,0
DA:88,0
DA:90,0
DA:91,0
DA:94,0
DA:98,0
DA:101,0
DA:105,0
DA:106,0
DA:107,0
DA:108,0
DA:109,0
DA:110,0
DA:111,0
DA:113,0
DA:114,0
DA:118,0
DA:119,0
DA:120,0
DA:124,0
DA:125,0
DA:126,0
DA:127,0
DA:128,0
DA:129,0
DA:131,0
DA:132,0
DA:133,0
DA:138,0
DA:139,0
DA:140,0
DA:142,0
DA:143,0
DA:144,0
DA:146,0
DA:148,0
DA:150,0
DA:151,0
DA:152,0
DA:153,0
DA:155,0
DA:157,0
DA:161,0
DA:162,0
DA:163,0
DA:164,0
DA:165,0
DA:166,0
DA:167,0
DA:168,0
DA:169,0
DA:170,0
DA:173,0
DA:174,0
DA:175,0
DA:176,0
DA:177,0
DA:178,0
DA:179,0
DA:180,0
DA:185,0
DA:186,0
DA:187,0
DA:189,0
DA:190,0
DA:191,0
DA:192,0
DA:193,0
DA:194,0
DA:195,0
DA:197,0
DA:198,0
DA:199,0
DA:201,0
DA:204,0
DA:205,0
DA:206,0
DA:207,0
DA:210,0
DA:211,0
DA:213,0
DA:214,0
DA:215,0
DA:216,0
DA:217,0
DA:218,0
DA:219,0
DA:220,0
DA:221,0
DA:222,0
DA:223,0
DA:224,0
DA:225,0
DA:227,0
DA:228,0
DA:229,0
DA:231,0
DA:236,0
DA:238,0
DA:239,0
DA:243,0
DA:244,0
DA:245,0
DA:246,0
DA:247,0
DA:248,0
DA:249,0
DA:250,0
DA:252,0
DA:253,0
DA:254,0
DA:255,0
DA:258,0
DA:262,0
DA:263,0
DA:264,0
DA:266,0
DA:267,0
DA:271,0
DA:272,0
DA:273,0
DA:274,0
DA:275,0
DA:277,0
DA:278,0
DA:282,0
DA:283,0
DA:284,0
DA:286,0
DA:287,0
DA:290,0
DA:291,0
DA:295,0
DA:298,1
LF:164
LH:16
BRDA:23,0,0,1
BRDA:23,0,1,1
BRDA:24,1,0,1
BRDA:24,1,1,1
BRDA:36,2,0,0
BRDA:42,3,0,0
BRDA:75,4,0,0
BRDA:76,5,0,0
BRDA:82,6,0,0
BRDA:88,7,0,0
BRDA:103,8,0,0
BRDA:126,9,0,0
BRDA:127,10,0,0
BRDA:127,11,0,0
BRDA:127,11,1,0
BRDA:131,12,0,0
BRDA:138,13,0,0
BRDA:140,14,0,0
BRDA:140,14,1,0
BRDA:143,15,0,0
BRDA:148,16,0,0
BRDA:148,17,0,0
BRDA:148,17,1,0
BRDA:153,18,0,0
BRDA:155,19,0,0
BRDA:155,19,1,0
BRDA:160,20,0,0
BRDA:161,21,0,0
BRDA:161,21,1,0
BRDA:162,22,0,0
BRDA:162,22,1,0
BRDA:163,23,0,0
BRDA:163,23,1,0
BRDA:164,24,0,0
BRDA:164,24,1,0
BRDA:165,25,0,0
BRDA:165,25,1,0
BRDA:166,26,0,0
BRDA:166,26,1,0
BRDA:167,27,0,0
BRDA:167,27,1,0
BRDA:168,28,0,0
BRDA:168,28,1,0
BRDA:169,29,0,0
BRDA:169,29,1,0
BRDA:174,30,0,0
BRDA:177,31,0,0
BRDA:177,31,1,0
BRDA:177,32,0,0
BRDA:177,32,1,0
BRDA:177,32,2,0
BRDA:179,33,0,0
BRDA:190,34,0,0
BRDA:190,35,0,0
BRDA:190,35,1,0
BRDA:190,36,0,0
BRDA:190,36,1,0
BRDA:191,37,0,0
BRDA:191,38,0,0
BRDA:191,38,1,0
BRDA:191,39,0,0
BRDA:191,39,1,0
BRDA:192,40,0,0
BRDA:192,41,0,0
BRDA:192,41,1,0
BRDA:193,42,0,0
BRDA:193,43,0,0
BRDA:193,43,1,0
BRDA:193,44,0,0
BRDA:193,44,1,0
BRDA:194,45,0,0
BRDA:194,46,0,0
BRDA:194,46,1,0
BRDA:194,47,0,0
BRDA:194,47,1,0
BRDA:195,48,0,0
BRDA:195,49,0,0
BRDA:195,49,1,0
BRDA:197,50,0,0
BRDA:197,50,1,0
BRDA:197,51,0,0
BRDA:197,51,1,0
BRDA:197,52,0,0
BRDA:197,52,1,0
BRDA:198,53,0,0
BRDA:198,54,0,0
BRDA:199,55,0,0
BRDA:199,56,0,0
BRDA:205,57,0,0
BRDA:206,58,0,0
BRDA:206,59,0,0
BRDA:206,59,1,0
BRDA:206,60,0,0
BRDA:206,60,1,0
BRDA:211,61,0,0
BRDA:211,61,1,0
BRDA:219,62,0,0
BRDA:220,63,0,0
BRDA:222,64,0,0
BRDA:222,64,1,0
BRDA:223,65,0,0
BRDA:223,65,1,0
BRDA:225,66,0,0
BRDA:227,67,0,0
BRDA:227,67,1,0
BRDA:229,68,0,0
BRDA:238,69,0,0
BRDA:238,70,0,0
BRDA:238,70,1,0
BRDA:238,70,2,0
BRDA:238,70,3,0
BRDA:243,71,0,0
BRDA:243,71,1,0
BRDA:243,71,2,0
BRDA:243,71,3,0
BRDA:243,71,4,0
BRDA:243,71,5,0
BRDA:244,72,0,0
BRDA:244,72,1,0
BRDA:250,73,0,0
BRDA:250,73,1,0
BRDA:250,73,2,0
BRDA:255,74,0,0
BRDA:262,75,0,0
BRDA:262,75,1,0
BRDA:263,76,0,0
BRDA:263,76,1,0
BRDA:266,77,0,0
BRDA:266,77,1,0
BRDA:267,78,0,0
BRDA:267,78,1,0
BRDA:267,79,0,0
BRDA:267,79,1,0
BRDA:267,80,0,0
BRDA:267,80,1,0
BRDA:273,81,0,0
BRDA:273,81,1,0
BRDA:273,82,0,0
BRDA:273,82,1,0
BRDA:274,83,0,0
BRDA:274,83,1,0
BRDA:274,84,0,0
BRDA:274,84,1,0
BRDA:277,85,0,0
BRDA:283,86,0,0
BRDA:283,87,0,0
BRDA:283,87,1,0
BRDA:284,88,0,0
BRDA:284,88,1,0
BRF:149
BRH:4
end_of_record
TN:
SF:src\routes\fonctionnalite.routes.fastify.ts
FN:66,(anonymous_10)
FN:69,(anonymous_11)
FN:72,(anonymous_12)
FN:112,(anonymous_13)
FN:114,(anonymous_14)
FN:120,(anonymous_15)
FN:165,adminGuardFastify
FN:177,(anonymous_17)
FN:188,(anonymous_18)
FN:195,(anonymous_19)
FN:196,(anonymous_20)
FN:200,(anonymous_21)
FN:201,(anonymous_22)
FN:206,(anonymous_23)
FN:207,(anonymous_24)
FN:213,(anonymous_25)
FN:215,(anonymous_26)
FN:231,(anonymous_27)
FN:249,(anonymous_28)
FN:258,(anonymous_29)
FN:269,(anonymous_30)
FN:270,(anonymous_31)
FN:274,(anonymous_32)
FN:278,(anonymous_33)
FN:279,(anonymous_34)
FN:284,(anonymous_35)
FN:285,(anonymous_36)
FN:289,(anonymous_37)
FN:290,(anonymous_38)
FN:296,(anonymous_39)
FN:377,(anonymous_40)
FN:684,(anonymous_41)
FN:685,(anonymous_42)
FN:689,(anonymous_43)
FN:709,(anonymous_44)
FN:737,(anonymous_45)
FN:761,(anonymous_46)
FN:783,(anonymous_47)
FN:800,(anonymous_48)
FN:809,(anonymous_49)
FN:818,(anonymous_50)
FN:827,(anonymous_51)
FN:836,(anonymous_52)
FN:845,(anonymous_53)
FN:854,(anonymous_54)
FN:863,(anonymous_55)
FN:873,(anonymous_56)
FN:897,(anonymous_57)
FN:919,(anonymous_58)
FN:941,(anonymous_59)
FN:963,(anonymous_60)
FN:979,(anonymous_61)
FN:1001,(anonymous_62)
FN:1021,(anonymous_63)
FN:1039,(anonymous_64)
FN:1044,(anonymous_65)
FN:1050,(anonymous_66)
FN:1055,(anonymous_67)
FN:1060,(anonymous_68)
FN:1065,(anonymous_69)
FN:1070,(anonymous_70)
FN:1075,(anonymous_71)
FN:1080,(anonymous_72)
FN:1085,(anonymous_73)
FN:1090,(anonymous_74)
FN:1095,(anonymous_75)
FN:1101,(anonymous_76)
FN:1111,(anonymous_77)
FN:1113,(anonymous_78)
FN:1118,(anonymous_79)
FN:1120,(anonymous_80)
FN:1125,(anonymous_81)
FN:1127,(anonymous_82)
FN:1132,(anonymous_83)
FN:1134,(anonymous_84)
FN:1140,(anonymous_85)
FN:1142,(anonymous_86)
FN:1146,(anonymous_87)
FN:1148,(anonymous_88)
FN:1152,(anonymous_89)
FN:1154,(anonymous_90)
FN:1160,(anonymous_91)
FN:1165,(anonymous_92)
FN:1170,(anonymous_93)
FN:1177,(anonymous_94)
FNF:85
FNH:2
FNDA:1,(anonymous_10)
FNDA:0,(anonymous_11)
FNDA:0,(anonymous_12)
FNDA:0,(anonymous_13)
FNDA:0,(anonymous_14)
FNDA:0,(anonymous_15)
FNDA:0,adminGuardFastify
FNDA:0,(anonymous_17)
FNDA:0,(anonymous_18)
FNDA:0,(anonymous_19)
FNDA:0,(anonymous_20)
FNDA:0,(anonymous_21)
FNDA:0,(anonymous_22)
FNDA:0,(anonymous_23)
FNDA:0,(anonymous_24)
FNDA:0,(anonymous_25)
FNDA:0,(anonymous_26)
FNDA:0,(anonymous_27)
FNDA:0,(anonymous_28)
FNDA:0,(anonymous_29)
FNDA:0,(anonymous_30)
FNDA:0,(anonymous_31)
FNDA:0,(anonymous_32)
FNDA:0,(anonymous_33)
FNDA:0,(anonymous_34)
FNDA:0,(anonymous_35)
FNDA:0,(anonymous_36)
FNDA:0,(anonymous_37)
FNDA:0,(anonymous_38)
FNDA:0,(anonymous_39)
FNDA:0,(anonymous_40)
FNDA:0,(anonymous_41)
FNDA:0,(anonymous_42)
FNDA:0,(anonymous_43)
FNDA:0,(anonymous_44)
FNDA:0,(anonymous_45)
FNDA:0,(anonymous_46)
FNDA:0,(anonymous_47)
FNDA:1,(anonymous_48)
FNDA:0,(anonymous_49)
FNDA:0,(anonymous_50)
FNDA:0,(anonymous_51)
FNDA:0,(anonymous_52)
FNDA:0,(anonymous_53)
FNDA:0,(anonymous_54)
FNDA:0,(anonymous_55)
FNDA:0,(anonymous_56)
FNDA:0,(anonymous_57)
FNDA:0,(anonymous_58)
FNDA:0,(anonymous_59)
FNDA:0,(anonymous_60)
FNDA:0,(anonymous_61)
FNDA:0,(anonymous_62)
FNDA:0,(anonymous_63)
FNDA:0,(anonymous_64)
FNDA:0,(anonymous_65)
FNDA:0,(anonymous_66)
FNDA:0,(anonymous_67)
FNDA:0,(anonymous_68)
FNDA:0,(anonymous_69)
FNDA:0,(anonymous_70)
FNDA:0,(anonymous_71)
FNDA:0,(anonymous_72)
FNDA:0,(anonymous_73)
FNDA:0,(anonymous_74)
FNDA:0,(anonymous_75)
FNDA:0,(anonymous_76)
FNDA:0,(anonymous_77)
FNDA:0,(anonymous_78)
FNDA:0,(anonymous_79)
FNDA:0,(anonymous_80)
FNDA:0,(anonymous_81)
FNDA:0,(anonymous_82)
FNDA:0,(anonymous_83)
FNDA:0,(anonymous_84)
FNDA:0,(anonymous_85)
FNDA:0,(anonymous_86)
FNDA:0,(anonymous_87)
FNDA:0,(anonymous_88)
FNDA:0,(anonymous_89)
FNDA:0,(anonymous_90)
FNDA:0,(anonymous_91)
FNDA:0,(anonymous_92)
FNDA:0,(anonymous_93)
FNDA:0,(anonymous_94)
DA:2,1
DA:3,1
DA:4,1
DA:5,1
DA:6,1
DA:7,1
DA:10,1
DA:18,1
DA:29,1
DA:30,1
DA:31,1
DA:32,1
DA:33,1
DA:34,1
DA:35,1
DA:36,1
DA:37,1
DA:38,1
DA:39,1
DA:40,1
DA:41,1
DA:42,1
DA:43,1
DA:44,1
DA:45,1
DA:46,1
DA:47,1
DA:48,1
DA:49,1
DA:50,1
DA:51,1
DA:52,1
DA:53,1
DA:54,1
DA:55,1
DA:56,1
DA:57,1
DA:58,1
DA:59,1
DA:60,1
DA:61,1
DA:62,1
DA:63,1
DA:64,1
DA:66,1
DA:69,1
DA:71,1
DA:72,1
DA:73,0
DA:74,0
DA:75,0
DA:76,0
DA:78,0
DA:80,0
DA:81,0
DA:82,0
DA:83,0
DA:84,0
DA:85,0
DA:86,0
DA:87,0
DA:90,0
DA:91,0
DA:92,0
DA:93,0
DA:96,0
DA:97,0
DA:98,0
DA:100,0
DA:101,0
DA:102,0
DA:105,0
DA:110,1
DA:112,0
DA:114,0
DA:120,1
DA:122,0
DA:123,0
DA:124,0
DA:126,0
DA:129,0
DA:130,0
DA:133,0
DA:134,0
DA:136,0
DA:137,0
DA:138,0
DA:140,0
DA:141,0
DA:143,0
DA:150,0
DA:151,0
DA:152,0
DA:153,0
DA:155,0
DA:156,0
DA:158,0
DA:160,0
DA:161,0
DA:166,0
DA:167,0
DA:168,0
DA:169,0
DA:170,0
DA:171,0
DA:172,0
DA:173,0
DA:177,1
DA:178,0
DA:179,0
DA:180,0
DA:182,0
DA:183,0
DA:188,1
DA:189,0
DA:190,0
DA:191,0
DA:192,0
DA:195,1
DA:196,0
DA:197,0
DA:200,1
DA:201,0
DA:202,0
DA:203,0
DA:206,1
DA:207,0
DA:208,0
DA:209,0
DA:210,0
DA:213,1
DA:214,0
DA:215,0
DA:216,0
DA:217,0
DA:218,0
DA:219,0
DA:220,0
DA:221,0
DA:222,0
DA:223,0
DA:224,0
DA:225,0
DA:226,0
DA:228,0
DA:229,0
DA:231,0
DA:232,0
DA:233,0
DA:245,0
DA:248,0
DA:249,0
DA:250,0
DA:251,0
DA:252,0
DA:253,0
DA:254,0
DA:255,0
DA:257,0
DA:258,0
DA:259,0
DA:260,0
DA:261,0
DA:262,0
DA:264,0
DA:266,0
DA:269,1
DA:270,0
DA:271,0
DA:272,0
DA:273,0
DA:274,0
DA:275,0
DA:278,1
DA:279,0
DA:280,0
DA:281,0
DA:284,1
DA:285,0
DA:286,0
DA:287,0
DA:289,1
DA:290,0
DA:291,0
DA:292,0
DA:296,1
DA:297,0
DA:373,0
DA:374,0
DA:377,1
DA:378,0
DA:679,0
DA:680,0
DA:683,1
DA:684,1
DA:685,1
DA:689,1
DA:690,0
DA:691,0
DA:692,0
DA:693,0
DA:694,0
DA:702,0
DA:706,1
DA:710,0
DA:711,0
DA:712,0
DA:713,0
DA:715,0
DA:716,0
DA:717,0
DA:718,0
DA:719,0
DA:721,0
DA:730,0
DA:734,1
DA:738,0
DA:739,0
DA:740,0
DA:741,0
DA:743,0
DA:744,0
DA:745,0
DA:747,0
DA:754,0
DA:758,1
DA:762,0
DA:763,0
DA:764,0
DA:765,0
DA:767,0
DA:768,0
DA:769,0
DA:775,0
DA:776,0
DA:780,1
DA:784,0
DA:785,0
DA:786,0
DA:787,0
DA:788,0
DA:793,0
DA:797,1
DA:801,1
DA:802,1
DA:803,1
DA:806,1
DA:810,0
DA:811,0
DA:812,0
DA:815,1
DA:819,0
DA:820,0
DA:821,0
DA:824,1
DA:828,0
DA:829,0
DA:830,0
DA:833,1
DA:837,0
DA:838,0
DA:839,0
DA:842,1
DA:846,0
DA:847,0
DA:848,0
DA:851,1
DA:855,0
DA:856,0
DA:857,0
DA:860,1
DA:864,0
DA:865,0
DA:866,0
DA:870,1
DA:874,0
DA:875,0
DA:876,0
DA:877,0
DA:878,0
DA:879,0
DA:880,0
DA:881,0
DA:882,0
DA:890,0
DA:894,1
DA:898,0
DA:899,0
DA:900,0
DA:901,0
DA:902,0
DA:903,0
DA:904,0
DA:905,0
DA:912,0
DA:916,1
DA:920,0
DA:921,0
DA:922,0
DA:923,0
DA:924,0
DA:925,0
DA:926,0
DA:927,0
DA:934,0
DA:938,1
DA:942,0
DA:943,0
DA:944,0
DA:945,0
DA:946,0
DA:956,0
DA:960,1
DA:964,0
DA:965,0
DA:966,0
DA:967,0
DA:968,0
DA:972,0
DA:976,1
DA:980,0
DA:981,0
DA:982,0
DA:983,0
DA:984,0
DA:994,0
DA:998,1
DA:1002,0
DA:1003,0
DA:1004,0
DA:1005,0
DA:1006,0
DA:1014,0
DA:1018,1
DA:1022,0
DA:1023,0
DA:1024,0
DA:1025,0
DA:1026,0
DA:1035,0
DA:1039,1
DA:1040,0
DA:1041,0
DA:1042,0
DA:1043,0
DA:1044,0
DA:1045,0
DA:1046,0
DA:1050,1
DA:1051,0
DA:1052,0
DA:1053,0
DA:1054,0
DA:1055,0
DA:1056,0
DA:1057,0
DA:1060,1
DA:1061,0
DA:1062,0
DA:1063,0
DA:1064,0
DA:1065,0
DA:1066,0
DA:1067,0
DA:1070,1
DA:1071,0
DA:1072,0
DA:1073,0
DA:1074,0
DA:1075,0
DA:1076,0
DA:1077,0
DA:1080,1
DA:1081,0
DA:1082,0
DA:1083,0
DA:1084,0
DA:1085,0
DA:1086,0
DA:1087,0
DA:1090,1
DA:1091,0
DA:1092,0
DA:1093,0
DA:1094,0
DA:1095,0
DA:1096,0
DA:1097,0
DA:1101,1
DA:1102,0
DA:1103,0
DA:1104,0
DA:1105,0
DA:1106,0
DA:1107,0
DA:1111,1
DA:1112,0
DA:1113,0
DA:1114,0
DA:1115,0
DA:1118,1
DA:1119,0
DA:1120,0
DA:1121,0
DA:1122,0
DA:1125,1
DA:1126,0
DA:1127,0
DA:1128,0
DA:1129,0
DA:1132,1
DA:1133,0
DA:1134,0
DA:1135,0
DA:1136,0
DA:1140,1
DA:1141,0
DA:1142,0
DA:1143,0
DA:1144,0
DA:1146,1
DA:1147,0
DA:1148,0
DA:1149,0
DA:1150,0
DA:1152,1
DA:1153,0
DA:1154,0
DA:1155,0
DA:1156,0
DA:1160,1
DA:1161,0
DA:1162,0
DA:1163,0
DA:1165,1
DA:1166,0
DA:1167,0
DA:1168,0
DA:1170,1
DA:1171,0
DA:1172,0
DA:1173,0
DA:1177,1
DA:1178,0
DA:1179,0
DA:1180,0
LF:446
LH:107
BRDA:74,0,0,0
BRDA:74,0,1,0
BRDA:80,1,0,0
BRDA:80,1,1,0
BRDA:80,2,0,0
BRDA:80,2,1,0
BRDA:80,2,2,0
BRDA:84,3,0,0
BRDA:84,3,1,0
BRDA:85,4,0,0
BRDA:90,5,0,0
BRDA:90,5,1,0
BRDA:91,6,0,0
BRDA:98,7,0,0
BRDA:98,7,1,0
BRDA:100,8,0,0
BRDA:100,8,1,0
BRDA:112,9,0,0
BRDA:112,9,1,0
BRDA:114,10,0,0
BRDA:114,10,1,0
BRDA:123,11,0,0
BRDA:129,12,0,0
BRDA:129,12,1,0
BRDA:130,13,0,0
BRDA:130,13,1,0
BRDA:137,14,0,0
BRDA:137,14,1,0
BRDA:150,15,0,0
BRDA:150,15,1,0
BRDA:150,15,2,0
BRDA:151,16,0,0
BRDA:152,17,0,0
BRDA:155,18,0,0
BRDA:167,19,0,0
BRDA:170,20,0,0
BRDA:170,20,1,0
BRDA:171,21,0,0
BRDA:171,21,1,0
BRDA:172,22,0,0
BRDA:172,22,1,0
BRDA:172,22,2,0
BRDA:173,23,0,0
BRDA:173,24,0,0
BRDA:173,24,1,0
BRDA:190,25,0,0
BRDA:190,26,0,0
BRDA:190,26,1,0
BRDA:210,27,0,0
BRDA:210,27,1,0
BRDA:215,28,0,0
BRDA:215,28,1,0
BRDA:216,29,0,0
BRDA:216,29,1,0
BRDA:216,30,0,0
BRDA:216,30,1,0
BRDA:217,31,0,0
BRDA:217,31,1,0
BRDA:218,32,0,0
BRDA:218,32,1,0
BRDA:219,33,0,0
BRDA:219,33,1,0
BRDA:222,34,0,0
BRDA:222,34,1,0
BRDA:223,35,0,0
BRDA:223,35,1,0
BRDA:226,36,0,0
BRDA:226,36,1,0
BRDA:228,37,0,0
BRDA:228,37,1,0
BRDA:229,38,0,0
BRDA:229,38,1,0
BRDA:232,39,0,0
BRDA:232,40,0,0
BRDA:232,40,1,0
BRDA:232,40,2,0
BRDA:237,41,0,0
BRDA:237,41,1,0
BRDA:237,42,0,0
BRDA:237,42,1,0
BRDA:240,43,0,0
BRDA:240,43,1,0
BRDA:241,44,0,0
BRDA:241,44,1,0
BRDA:242,45,0,0
BRDA:242,45,1,0
BRDA:242,46,0,0
BRDA:242,46,1,0
BRDA:250,47,0,0
BRDA:250,48,0,0
BRDA:250,48,1,0
BRDA:250,49,0,0
BRDA:250,49,1,0
BRDA:251,50,0,0
BRDA:251,51,0,0
BRDA:251,51,1,0
BRDA:251,52,0,0
BRDA:251,52,1,0
BRDA:252,53,0,0
BRDA:252,54,0,0
BRDA:252,54,1,0
BRDA:252,55,0,0
BRDA:252,55,1,0
BRDA:253,56,0,0
BRDA:253,57,0,0
BRDA:253,57,1,0
BRDA:253,58,0,0
BRDA:253,58,1,0
BRDA:254,59,0,0
BRDA:254,60,0,0
BRDA:254,60,1,0
BRDA:254,61,0,0
BRDA:254,61,1,0
BRDA:257,62,0,0
BRDA:257,62,1,0
BRDA:259,63,0,0
BRDA:260,64,0,0
BRDA:260,64,1,0
BRDA:260,65,0,0
BRDA:260,65,1,0
BRDA:261,66,0,0
BRDA:261,66,1,0
BRDA:261,67,0,0
BRDA:261,67,1,0
BRDA:264,68,0,0
BRDA:264,68,1,0
BRDA:264,69,0,0
BRDA:264,69,1,0
BRDA:683,70,0,1
BRDA:693,71,0,0
BRDA:693,71,1,0
BRDA:713,72,0,0
BRDA:713,72,1,0
BRDA:715,73,0,0
BRDA:715,73,1,0
BRDA:718,74,0,0
BRDA:718,74,1,0
BRDA:719,75,0,0
BRDA:719,75,1,0
BRDA:741,76,0,0
BRDA:741,76,1,0
BRDA:743,77,0,0
BRDA:743,77,1,0
BRDA:744,78,0,0
BRDA:744,78,1,0
BRDA:745,79,0,0
BRDA:745,79,1,0
BRDA:765,80,0,0
BRDA:765,80,1,0
BRDA:767,81,0,0
BRDA:767,81,1,0
BRDA:767,81,2,0
BRDA:768,82,0,0
BRDA:768,82,1,0
BRDA:768,82,2,0
BRDA:787,83,0,0
BRDA:787,83,1,0
BRDA:877,84,0,0
BRDA:877,84,1,0
BRDA:879,85,0,0
BRDA:879,85,1,0
BRDA:880,86,0,0
BRDA:880,86,1,0
BRDA:881,87,0,0
BRDA:881,87,1,0
BRDA:901,88,0,0
BRDA:901,88,1,0
BRDA:902,89,0,0
BRDA:902,89,1,0
BRDA:903,90,0,0
BRDA:903,90,1,0
BRDA:923,91,0,0
BRDA:923,91,1,0
BRDA:924,92,0,0
BRDA:924,92,1,0
BRDA:925,93,0,0
BRDA:925,93,1,0
BRDA:926,94,0,0
BRDA:926,94,1,0
BRDA:932,95,0,0
BRDA:932,95,1,0
BRDA:945,96,0,0
BRDA:945,96,1,0
BRDA:948,97,0,0
BRDA:948,97,1,0
BRDA:949,98,0,0
BRDA:949,98,1,0
BRDA:950,99,0,0
BRDA:950,99,1,0
BRDA:951,100,0,0
BRDA:951,100,1,0
BRDA:952,101,0,0
BRDA:952,101,1,0
BRDA:967,102,0,0
BRDA:967,102,1,0
BRDA:983,103,0,0
BRDA:983,103,1,0
BRDA:986,104,0,0
BRDA:986,104,1,0
BRDA:987,105,0,0
BRDA:987,105,1,0
BRDA:988,106,0,0
BRDA:988,106,1,0
BRDA:989,107,0,0
BRDA:989,107,1,0
BRDA:990,108,0,0
BRDA:990,108,1,0
BRDA:991,109,0,0
BRDA:991,109,1,0
BRDA:1005,110,0,0
BRDA:1005,110,1,0
BRDA:1025,111,0,0
BRDA:1025,111,1,0
BRDA:1028,112,0,0
BRDA:1028,112,1,0
BRDA:1030,113,0,0
BRDA:1030,113,1,0
BRDA:1031,114,0,0
BRDA:1031,114,1,0
BRDA:1043,115,0,0
BRDA:1043,115,1,0
BRDA:1054,116,0,0
BRDA:1054,116,1,0
BRDA:1064,117,0,0
BRDA:1064,117,1,0
BRDA:1074,118,0,0
BRDA:1074,118,1,0
BRDA:1084,119,0,0
BRDA:1084,119,1,0
BRDA:1094,120,0,0
BRDA:1094,120,1,0
BRDA:1096,121,0,0
BRDA:1096,121,1,0
BRDA:1096,122,0,0
BRDA:1096,122,1,0
BRDA:1105,123,0,0
BRDA:1105,123,1,0
BRF:237
BRH:1
end_of_record
TN:
SF:src\routes\liste_des_reglements.routes.ts
FN:10,(anonymous_0)
FNF:1
FNH:1
FNDA:5,(anonymous_0)
DA:2,5
DA:3,5
DA:8,5
DA:10,5
DA:11,5
DA:12,5
DA:13,0
DA:15,5
DA:18,5
LF:9
LH:8
BRF:0
BRH:0
end_of_record
TN:
SF:src\services\Bran_listitems.service.ts
FN:6,bran_listitems
FNF:1
FNH:0
FNDA:0,bran_listitems
DA:2,1
DA:4,1
DA:6,1
DA:13,0
DA:14,0
DA:19,0
DA:20,0
DA:28,0
LF:8
LH:3
BRDA:14,0,0,0
BRDA:14,0,1,0
BRF:2
BRH:0
end_of_record
TN:
SF:src\services\project.service.ts
FN:8,projectListItems
FN:26,projectOfferListItems
FN:44,projectDetail
FN:62,projectCreate
FN:84,projectUpdate
FN:104,projectAddOffer
FN:123,projectDeleteOffer
FN:142,projectValidateOffer
FNF:8
FNH:1
FNDA:1,projectListItems
FNDA:0,projectOfferListItems
FNDA:0,projectDetail
FNDA:0,projectCreate
FNDA:0,projectUpdate
FNDA:0,projectAddOffer
FNDA:0,projectDeleteOffer
FNDA:0,projectValidateOffer
DA:2,1
DA:3,1
DA:4,1
DA:5,1
DA:8,1
DA:9,1
DA:10,1
DA:11,1
DA:12,1
DA:13,1
DA:14,1
DA:15,1
DA:23,1
DA:26,1
DA:27,0
DA:28,0
DA:29,0
DA:30,0
DA:31,0
DA:32,0
DA:33,0
DA:41,0
DA:44,1
DA:45,0
DA:46,0
DA:47,0
DA:48,0
DA:49,0
DA:50,0
DA:51,0
DA:59,0
DA:62,1
DA:63,0
DA:64,0
DA:65,0
DA:66,0
DA:67,0
DA:68,0
DA:69,0
DA:70,0
DA:71,0
DA:72,0
DA:73,0
DA:81,0
DA:84,1
DA:85,0
DA:86,0
DA:87,0
DA:88,0
DA:89,0
DA:90,0
DA:91,0
DA:92,0
DA:93,0
DA:101,0
DA:104,1
DA:105,0
DA:106,0
DA:107,0
DA:108,0
DA:109,0
DA:110,0
DA:111,0
DA:112,0
DA:120,0
DA:123,1
DA:124,0
DA:125,0
DA:126,0
DA:127,0
DA:128,0
DA:129,0
DA:130,0
DA:131,0
DA:139,0
DA:142,1
DA:143,0
DA:144,0
DA:145,0
DA:146,0
DA:147,0
DA:148,0
DA:149,0
DA:150,0
DA:151,0
DA:152,0
DA:160,0
LF:87
LH:20
BRDA:21,0,0,1
BRDA:21,0,1,1
BRDA:39,1,0,0
BRDA:39,1,1,0
BRDA:57,2,0,0
BRDA:57,2,1,0
BRDA:68,3,0,0
BRDA:79,4,0,0
BRDA:79,4,1,0
BRDA:99,5,0,0
BRDA:99,5,1,0
BRDA:118,6,0,0
BRDA:118,6,1,0
BRDA:137,7,0,0
BRDA:137,7,1,0
BRDA:158,8,0,0
BRDA:158,8,1,0
BRF:17
BRH:2
end_of_record
TN:
SF:src\services\risk.service.ts
FN:7,riskListItems
FN:20,riskCreate
FN:34,riskUpdate
FNF:3
FNH:0
FNDA:0,riskListItems
FNDA:0,riskCreate
FNDA:0,riskUpdate
DA:1,1
DA:2,1
DA:3,1
DA:7,1
DA:8,0
DA:9,0
DA:10,0
DA:11,0
DA:12,0
DA:13,0
DA:14,0
DA:15,0
DA:16,0
DA:17,0
DA:20,1
DA:21,0
DA:22,0
DA:23,0
DA:24,0
DA:25,0
DA:26,0
DA:27,0
DA:28,0
DA:29,0
DA:30,0
DA:31,0
DA:34,1
DA:35,0
DA:36,0
DA:37,0
DA:38,0
DA:39,0
DA:40,0
DA:41,0
DA:42,0
DA:43,0
DA:44,0
DA:45,0
DA:46,0
LF:39
LH:6
BRDA:13,0,0,0
BRDA:14,1,0,0
BRDA:16,2,0,0
BRDA:16,2,1,0
BRDA:26,3,0,0
BRDA:27,4,0,0
BRDA:28,5,0,0
BRDA:30,6,0,0
BRDA:30,6,1,0
BRDA:40,7,0,0
BRDA:41,8,0,0
BRDA:42,9,0,0
BRDA:43,10,0,0
BRDA:45,11,0,0
BRDA:45,11,1,0
BRF:15
BRH:0
end_of_record
TN:
SF:src\services\soap-safe.ts
FN:14,sleep
FN:14,(anonymous_1)
FN:16,callSoapWithResilience
FN:30,(anonymous_3)
FN:35,(anonymous_4)
FN:35,(anonymous_5)
FNF:6
FNH:2
FNDA:0,sleep
FNDA:0,(anonymous_1)
FNDA:1,callSoapWithResilience
FNDA:0,(anonymous_3)
FNDA:1,(anonymous_4)
FNDA:0,(anonymous_5)
DA:2,1
DA:10,1
DA:11,1
DA:12,1
DA:14,0
DA:16,1
DA:21,1
DA:22,1
DA:23,1
DA:25,1
DA:26,1
DA:28,1
DA:29,1
DA:30,1
DA:31,1
DA:33,1
DA:35,1
DA:37,1
DA:38,1
DA:40,0
DA:41,0
DA:42,0
DA:43,0
DA:44,0
DA:46,0
DA:47,0
DA:48,0
DA:49,0
DA:50,0
DA:52,0
DA:56,0
LF:31
LH:18
BRDA:10,0,0,1
BRDA:10,0,1,0
BRDA:10,1,0,1
BRDA:10,1,1,1
BRDA:11,2,0,1
BRDA:11,2,1,0
BRDA:11,3,0,1
BRDA:11,3,1,1
BRDA:12,4,0,1
BRDA:12,4,1,0
BRDA:12,5,0,1
BRDA:12,5,1,1
BRDA:21,6,0,1
BRDA:21,6,1,1
BRDA:22,7,0,1
BRDA:22,7,1,1
BRDA:23,8,0,1
BRDA:23,8,1,1
BRDA:42,9,0,0
BRDA:42,9,1,0
BRDA:43,10,0,0
BRDA:43,10,1,0
BRDA:46,11,0,0
BRDA:46,12,0,0
BRDA:46,12,1,0
BRDA:46,12,2,0
BRDA:56,13,0,0
BRDA:56,13,1,0
BRF:28
BRH:15
end_of_record
TN:
SF:src\services\soap.service.ts
FN:23,sendSoapRequest
FN:73,(anonymous_1)
FN:81,(anonymous_2)
FN:84,(anonymous_3)
FN:116,(anonymous_4)
FNF:5
FNH:4
FNDA:1,sendSoapRequest
FNDA:1,(anonymous_1)
FNDA:1,(anonymous_2)
FNDA:1,(anonymous_3)
FNDA:0,(anonymous_4)
DA:1,1
DA:2,1
DA:3,1
DA:4,1
DA:6,1
DA:7,1
DA:8,1
DA:9,1
DA:10,1
DA:11,1
DA:12,1
DA:16,1
DA:17,1
DA:18,1
DA:19,1
DA:20,1
DA:23,1
DA:31,1
DA:32,1
DA:33,1
DA:34,0
DA:36,1
DA:38,1
DA:39,0
DA:40,0
DA:41,0
DA:42,0
DA:43,0
DA:44,0
DA:45,0
DA:46,0
DA:49,0
DA:50,0
DA:51,0
DA:55,0
DA:56,0
DA:57,0
DA:58,0
DA:62,0
DA:64,0
DA:70,1
DA:71,1
DA:73,1
DA:81,1
DA:83,1
DA:85,1
DA:86,0
DA:87,0
DA:94,1
DA:95,1
DA:98,1
DA:99,0
DA:100,1
DA:101,0
DA:102,1
DA:103,0
DA:104,1
DA:105,0
DA:106,1
DA:107,0
DA:108,1
DA:109,1
DA:110,0
DA:111,0
DA:113,0
DA:118,0
DA:119,0
DA:122,1
DA:123,1
DA:125,0
LF:70
LH:39
BRDA:31,0,0,1
BRDA:31,0,1,0
BRDA:33,1,0,0
BRDA:33,1,1,1
BRDA:38,2,0,0
BRDA:38,3,0,1
BRDA:38,3,1,0
BRDA:40,4,0,0
BRDA:40,4,1,0
BRDA:40,5,0,0
BRDA:40,5,1,0
BRDA:45,6,0,0
BRDA:45,6,1,0
BRDA:45,7,0,0
BRDA:45,7,1,0
BRDA:45,7,2,0
BRDA:71,8,0,1
BRDA:71,8,1,0
BRDA:76,9,0,1
BRDA:76,9,1,0
BRDA:85,10,0,0
BRDA:89,11,0,0
BRDA:89,11,1,0
BRDA:98,12,0,0
BRDA:98,12,1,1
BRDA:100,13,0,0
BRDA:100,13,1,1
BRDA:102,14,0,0
BRDA:102,14,1,1
BRDA:102,15,0,1
BRDA:102,15,1,1
BRDA:104,16,0,0
BRDA:104,16,1,1
BRDA:106,17,0,0
BRDA:106,17,1,1
BRDA:108,18,0,1
BRDA:108,18,1,0
BRDA:110,19,0,0
BRDA:110,19,1,0
BRDA:118,20,0,0
BRDA:118,21,0,0
BRDA:118,21,1,0
BRDA:119,22,0,0
BRDA:119,22,1,0
BRDA:122,23,0,1
BRF:45
BRH:14
end_of_record
TN:
SF:src\services\update_tier.fastify.service.ts
FN:7,updateTier
FNF:1
FNH:0
FNDA:0,updateTier
DA:1,1
DA:3,1
DA:7,1
DA:8,0
DA:9,0
DA:10,0
DA:12,0
DA:13,0
DA:15,0
DA:16,0
DA:17,0
LF:11
LH:3
BRDA:12,0,0,0
BRDA:12,0,1,0
BRDA:16,1,0,0
BRDA:16,1,1,0
BRF:4
BRH:0
end_of_record
TN:
SF:src\services\AppConfigService\app-config.service.ts
FN:10,(anonymous_0)
FN:25,(anonymous_1)
FN:30,(anonymous_2)
FN:33,(anonymous_3)
FN:38,(anonymous_4)
FN:41,(anonymous_5)
FN:50,(anonymous_6)
FN:63,(anonymous_7)
FN:69,(anonymous_8)
FN:74,(anonymous_9)
FNF:10
FNH:6
FNDA:0,(anonymous_0)
FNDA:3,(anonymous_1)
FNDA:0,(anonymous_2)
FNDA:3,(anonymous_3)
FNDA:0,(anonymous_4)
FNDA:4,(anonymous_5)
FNDA:2,(anonymous_6)
FNDA:1,(anonymous_7)
FNDA:2,(anonymous_8)
FNDA:0,(anonymous_9)
DA:4,1
DA:11,0
DA:14,2
DA:19,2
DA:26,3
DA:29,2
DA:31,0
DA:34,3
DA:36,2
DA:39,0
DA:42,4
DA:45,2
DA:46,2
DA:47,2
DA:48,2
DA:64,1
DA:65,1
DA:70,2
DA:71,2
DA:75,0
LF:20
LH:16
BRDA:14,0,0,2
BRDA:14,0,1,1
BRDA:19,1,0,2
BRDA:19,1,1,1
BRDA:29,2,0,2
BRDA:29,2,1,1
BRDA:45,3,0,2
BRDA:45,3,1,1
BRDA:46,4,0,2
BRDA:46,4,1,2
BRDA:47,5,0,2
BRDA:47,5,1,1
BRDA:64,6,0,0
BRDA:70,7,0,0
BRF:14
BRH:12
end_of_record
TN:
SF:src\services\ajout_piece_au_contrat\cont_newpiece.service.ts
FN:6,cont_newpiece
FNF:1
FNH:0
FNDA:0,cont_newpiece
DA:1,1
DA:3,1
DA:6,1
DA:14,0
DA:15,0
DA:17,0
DA:18,0
DA:19,0
DA:21,0
DA:23,0
LF:10
LH:3
BRDA:15,0,0,0
BRDA:15,0,1,0
BRDA:18,1,0,0
BRDA:18,1,1,0
BRDA:19,2,0,0
BRDA:19,2,1,0
BRF:6
BRH:0
end_of_record
TN:
SF:src\services\create_contrat\cont_to_xml.service.ts
FN:13,formatFloatForBas
FN:23,looksIsoDateTime
FN:30,buildParamXml
FN:82,ensureCurrencyCompanions
FN:98,objectToXmlNode
FN:104,(anonymous_5)
FN:111,contModelToXml
FN:135,toIsoDateTime
FN:140,(anonymous_8)
FN:163,buildDateParam
FNF:10
FNH:0
FNDA:0,formatFloatForBas
FNDA:0,looksIsoDateTime
FNDA:0,buildParamXml
FNDA:0,ensureCurrencyCompanions
FNDA:0,objectToXmlNode
FNDA:0,(anonymous_5)
FNDA:0,contModelToXml
FNDA:0,toIsoDateTime
FNDA:0,(anonymous_8)
FNDA:0,buildDateParam
DA:1,1
DA:4,1
DA:10,1
DA:15,0
DA:16,0
DA:17,0
DA:18,0
DA:19,0
DA:20,0
DA:24,0
DA:31,0
DA:32,0
DA:36,0
DA:37,0
DA:41,0
DA:42,0
DA:43,0
DA:45,0
DA:47,0
DA:51,0
DA:52,0
DA:53,0
DA:55,0
DA:59,0
DA:60,0
DA:64,0
DA:66,0
DA:67,0
DA:69,0
DA:70,0
DA:75,0
DA:83,0
DA:85,0
DA:86,0
DA:87,0
DA:88,0
DA:89,0
DA:100,0
DA:102,0
DA:104,0
DA:111,1
DA:112,0
DA:113,0
DA:114,0
DA:115,0
DA:117,0
DA:125,0
DA:130,1
DA:136,0
DA:139,0
DA:140,0
DA:141,0
DA:144,0
DA:147,0
DA:148,0
DA:151,0
DA:152,0
DA:155,0
DA:156,0
DA:160,0
DA:164,0
DA:165,0
DA:166,0
LF:63
LH:5
BRDA:17,0,0,0
BRDA:31,1,0,0
BRDA:36,2,0,0
BRDA:36,3,0,0
BRDA:36,3,1,0
BRDA:41,4,0,0
BRDA:42,5,0,0
BRDA:42,5,1,0
BRDA:43,6,0,0
BRDA:51,7,0,0
BRDA:52,8,0,0
BRDA:59,9,0,0
BRDA:60,10,0,0
BRDA:60,10,1,0
BRDA:64,11,0,0
BRDA:66,12,0,0
BRDA:67,13,0,0
BRDA:67,13,1,0
BRDA:69,14,0,0
BRDA:83,15,0,0
BRDA:86,16,0,0
BRDA:88,17,0,0
BRDA:113,18,0,0
BRDA:114,19,0,0
BRDA:115,20,0,0
BRDA:136,21,0,0
BRDA:136,22,0,0
BRDA:136,22,1,0
BRDA:136,22,2,0
BRDA:139,23,0,0
BRDA:139,24,0,0
BRDA:139,24,1,0
BRDA:148,25,0,0
BRDA:152,26,0,0
BRDA:155,27,0,0
BRDA:156,28,0,0
BRDA:156,28,1,0
BRDA:165,29,0,0
BRF:38
BRH:0
end_of_record
TN:
SF:src\services\detail_adhesion\adh_details.service.ts
FN:7,adh_details
FNF:1
FNH:0
FNDA:0,adh_details
DA:1,1
DA:3,1
DA:4,1
DA:7,1
DA:13,0
DA:14,0
DA:15,0
DA:17,0
DA:18,0
DA:19,0
LF:10
LH:4
BRF:0
BRH:0
end_of_record
TN:
SF:src\services\detail_contrat\cont_details.service.ts
FN:7,cont_details
FNF:1
FNH:0
FNDA:0,cont_details
DA:1,1
DA:3,1
DA:4,1
DA:7,1
DA:12,0
DA:13,0
DA:14,0
DA:15,0
DA:16,0
DA:17,0
DA:18,0
DA:19,0
DA:20,0
DA:21,0
DA:22,0
DA:23,0
LF:16
LH:4
BRDA:14,0,0,0
BRDA:14,0,1,0
BRDA:16,1,0,0
BRDA:16,1,1,0
BRDA:17,2,0,0
BRDA:17,2,1,0
BRDA:18,3,0,0
BRDA:18,3,1,0
BRDA:19,4,0,0
BRDA:19,4,1,0
BRDA:20,5,0,0
BRDA:20,5,1,0
BRF:12
BRH:0
end_of_record
TN:
SF:src\services\detail_produit\produit_details.service.ts
FN:7,produit_details
FNF:1
FNH:0
FNDA:0,produit_details
DA:1,1
DA:3,1
DA:4,1
DA:7,1
DA:16,0
DA:17,0
DA:18,0
DA:20,0
DA:21,0
DA:22,0
DA:23,0
DA:24,0
DA:32,0
DA:33,0
LF:14
LH:4
BRDA:20,0,0,0
BRDA:20,0,1,0
BRDA:21,1,0,0
BRDA:21,1,1,0
BRDA:22,2,0,0
BRDA:22,2,1,0
BRF:6
BRH:0
end_of_record
TN:
SF:src\services\detail_quittance\quittance_details.service.ts
FN:7,quittance_details
FNF:1
FNH:0
FNDA:0,quittance_details
DA:1,1
DA:3,1
DA:4,1
DA:7,1
DA:17,0
DA:20,0
DA:21,0
DA:22,0
DA:24,0
DA:25,0
DA:26,0
DA:27,0
DA:28,0
DA:29,0
DA:37,0
DA:38,0
LF:16
LH:4
BRF:0
BRH:0
end_of_record
TN:
SF:src\services\detail_tier\tiers_details.service.ts
FN:6,tiers_details
FNF:1
FNH:0
FNDA:0,tiers_details
DA:1,1
DA:3,1
DA:4,1
DA:6,1
DA:14,0
DA:15,0
DA:16,0
DA:17,0
DA:19,0
DA:20,0
DA:21,0
DA:22,0
DA:24,0
DA:25,0
DA:26,0
LF:15
LH:4
BRDA:16,0,0,0
BRDA:16,0,1,0
BRDA:20,1,0,0
BRDA:20,1,1,0
BRF:4
BRH:0
end_of_record
TN:
SF:src\services\liste_des_contrats\cont_search.service.ts
FN:7,cont_search
FNF:1
FNH:0
FNDA:0,cont_search
DA:1,1
DA:3,1
DA:4,1
DA:7,1
DA:16,0
DA:17,0
DA:18,0
DA:19,0
DA:21,0
DA:22,0
DA:23,0
DA:24,0
DA:26,0
DA:44,0
DA:52,0
DA:53,0
DA:54,0
LF:17
LH:4
BRF:0
BRH:0
end_of_record
TN:
SF:src\services\liste_des_contrats_d_un_tier\cont_listitems.service.ts
FN:6,cont_listitems
FNF:1
FNH:0
FNDA:0,cont_listitems
DA:1,1
DA:3,1
DA:6,1
DA:7,0
DA:8,0
DA:9,0
DA:10,0
DA:11,0
DA:12,0
DA:14,0
DA:15,0
DA:17,0
DA:33,0
DA:34,0
LF:14
LH:3
BRDA:11,0,0,0
BRDA:11,0,1,0
BRDA:14,1,0,0
BRDA:14,1,1,0
BRDA:15,2,0,0
BRDA:15,2,1,0
BRF:6
BRH:0
end_of_record
TN:
SF:src\services\liste_des_produits\produit_listitems.service.ts
FN:6,produit_listitems
FNF:1
FNH:0
FNDA:0,produit_listitems
DA:1,1
DA:4,1
DA:6,1
DA:15,0
DA:16,0
DA:17,0
DA:18,0
DA:19,0
DA:20,0
DA:22,0
DA:23,0
DA:32,0
LF:12
LH:3
BRDA:17,0,0,0
BRDA:17,0,1,0
BRDA:18,1,0,0
BRDA:18,1,1,0
BRDA:19,2,0,0
BRDA:19,2,1,0
BRDA:20,3,0,0
BRDA:20,3,1,0
BRF:8
BRH:0
end_of_record
TN:
SF:src\services\liste_des_quittances\quittance_listitems.service.ts
FN:5,quittance_listitems
FNF:1
FNH:0
FNDA:0,quittance_listitems
DA:1,1
DA:3,1
DA:5,1
DA:11,0
DA:12,0
DA:13,0
DA:14,0
DA:15,0
DA:16,0
DA:17,0
DA:18,0
DA:22,0
DA:23,0
DA:31,0
LF:14
LH:3
BRDA:13,0,0,0
BRDA:14,1,0,0
BRDA:14,1,1,0
BRDA:16,2,0,0
BRDA:17,3,0,0
BRDA:17,3,1,0
BRF:6
BRH:0
end_of_record
TN:
SF:src\services\liste_des_tiers\tiers_search.service.ts
FN:6,tiers_search
FNF:1
FNH:0
FNDA:0,tiers_search
DA:1,1
DA:3,1
DA:6,1
DA:16,0
DA:17,0
DA:18,0
DA:19,0
DA:20,0
DA:22,0
DA:23,0
DA:24,0
DA:25,0
DA:26,0
DA:27,0
DA:28,0
DA:31,0
DA:34,0
DA:42,0
LF:18
LH:3
BRDA:18,0,0,0
BRDA:18,1,0,0
BRDA:18,1,1,0
BRDA:19,2,0,0
BRDA:19,3,0,0
BRDA:19,3,1,0
BRDA:20,4,0,0
BRDA:20,5,0,0
BRDA:20,5,1,0
BRDA:22,6,0,0
BRDA:22,6,1,0
BRDA:23,7,0,0
BRDA:23,7,1,0
BRDA:24,8,0,0
BRDA:24,8,1,0
BRDA:25,9,0,0
BRDA:25,10,0,0
BRDA:25,10,1,0
BRDA:26,11,0,0
BRDA:26,12,0,0
BRDA:26,12,1,0
BRDA:27,13,0,0
BRDA:27,14,0,0
BRDA:27,14,1,0
BRF:24
BRH:0
end_of_record
TN:
SF:src\services\login\opensession.ts
FN:8,opensession
FNF:1
FNH:1
FNDA:1,opensession
DA:1,1
DA:2,1
DA:3,1
DA:5,1
DA:6,1
DA:8,1
DA:9,1
DA:12,1
DA:13,1
DA:14,1
DA:15,1
DA:16,1
DA:17,1
DA:18,1
DA:19,1
DA:20,1
DA:21,1
DA:24,0
DA:25,0
LF:19
LH:17
BRDA:15,0,0,0
BRDA:15,0,1,1
BRF:2
BRH:1
end_of_record
TN:
SF:src\services\logout\closesession_.service.ts
FN:7,closesession_
FNF:1
FNH:0
FNDA:0,closesession_
DA:1,1
DA:2,1
DA:3,1
DA:4,1
DA:7,1
DA:9,0
DA:10,0
DA:11,0
DA:13,0
DA:14,0
DA:15,0
LF:11
LH:5
BRF:0
BRH:0
end_of_record
TN:
SF:src\services\profile\xtlog_search.service.ts
FN:9,xtlog_search
FN:27,(anonymous_1)
FNF:2
FNH:0
FNDA:0,xtlog_search
FNDA:0,(anonymous_1)
DA:3,1
DA:4,1
DA:9,1
DA:15,0
DA:16,0
DA:17,0
DA:18,0
DA:19,0
DA:20,0
DA:27,0
DA:28,0
LF:11
LH:3
BRF:0
BRH:0
end_of_record
TN:
SF:src\services\update_contrat\cont_update.service.ts
FN:6,cont_update
FN:32,cont_piece_update
FNF:2
FNH:0
FNDA:0,cont_update
FNDA:0,cont_piece_update
DA:1,1
DA:3,1
DA:6,1
DA:14,0
DA:15,0
DA:16,0
DA:17,0
DA:18,0
DA:22,0
DA:30,0
DA:32,1
DA:35,0
DA:36,0
DA:37,0
DA:38,0
DA:40,0
DA:41,0
DA:44,0
DA:46,0
DA:54,0
LF:20
LH:4
BRDA:17,0,0,0
BRDA:17,0,1,0
BRDA:18,1,0,0
BRDA:18,1,1,0
BRDA:38,2,0,0
BRDA:41,3,0,0
BRDA:44,4,0,0
BRDA:44,4,1,0
BRF:8
BRH:0
end_of_record
TN:
SF:src\utils\groupByTypename.ts
FN:13,normalizeToArray
FN:39,(anonymous_1)
FN:46,(anonymous_2)
FN:66,groupByTypename
FNF:4
FNH:0
FNDA:0,normalizeToArray
FNDA:0,(anonymous_1)
FNDA:0,(anonymous_2)
FNDA:0,groupByTypename
DA:17,0
DA:18,0
DA:19,0
DA:20,0
DA:22,0
DA:27,0
DA:30,0
DA:31,0
DA:34,0
DA:35,0
DA:39,0
DA:40,0
DA:41,0
DA:45,0
DA:46,0
DA:48,0
DA:49,0
DA:53,0
DA:57,0
DA:66,1
DA:70,0
DA:73,0
DA:75,0
DA:77,0
DA:78,0
DA:81,0
DA:84,0
DA:85,0
DA:86,0
DA:87,0
DA:89,0
DA:92,0
DA:93,0
DA:94,0
DA:95,0
DA:96,0
DA:98,0
DA:102,0
LF:38
LH:1
BRDA:18,0,0,0
BRDA:27,1,0,0
BRDA:30,2,0,0
BRDA:30,3,0,0
BRDA:30,3,1,0
BRDA:34,4,0,0
BRDA:34,5,0,0
BRDA:34,5,1,0
BRDA:40,6,0,0
BRDA:46,7,0,0
BRDA:46,7,1,0
BRDA:46,7,2,0
BRDA:46,7,3,0
BRDA:48,8,0,0
BRDA:48,9,0,0
BRDA:48,9,1,0
BRDA:68,10,0,0
BRDA:70,11,0,0
BRDA:78,12,0,0
BRDA:78,13,0,0
BRDA:78,13,1,0
BRDA:81,14,0,0
BRDA:81,14,1,0
BRDA:84,15,0,0
BRDA:85,16,0,0
BRDA:86,17,0,0
BRDA:93,18,0,0
BRDA:93,18,1,0
BRDA:95,19,0,0
BRDA:95,19,1,0
BRF:30
BRH:0
end_of_record
TN:
SF:src\utils\logger.ts
FN:16,ts
FN:18,build
FN:19,(anonymous_2)
FN:19,(anonymous_3)
FNF:4
FNH:4
FNDA:4,ts
FNDA:1,build
FNDA:4,(anonymous_2)
FNDA:5,(anonymous_3)
DA:14,1
DA:16,4
DA:19,4
DA:20,5
DA:22,4
DA:23,0
DA:25,4
DA:28,1
DA:36,1
DA:37,1
LF:10
LH:9
BRDA:14,0,0,1
BRDA:14,0,1,1
BRDA:20,1,0,1
BRDA:20,2,0,5
BRDA:20,2,1,1
BRDA:22,3,0,0
BRDA:22,3,1,4
BRDA:22,4,0,4
BRDA:22,4,1,4
BRF:9
BRH:8
end_of_record
TN:
SF:src\utils\pending-queue.ts
FN:11,(anonymous_0)
FN:15,(anonymous_1)
FN:28,(anonymous_2)
FN:34,(anonymous_3)
FN:35,(anonymous_4)
FN:38,(anonymous_5)
FN:41,(anonymous_6)
FN:52,(anonymous_7)
FNF:8
FNH:7
FNDA:1,(anonymous_0)
FNDA:1,(anonymous_1)
FNDA:1,(anonymous_2)
FNDA:3,(anonymous_3)
FNDA:0,(anonymous_4)
FNDA:3,(anonymous_5)
FNDA:2,(anonymous_6)
FNDA:5,(anonymous_7)
DA:12,1
DA:13,1
DA:16,1
DA:17,1
DA:24,1
DA:25,1
DA:29,1
DA:30,1
DA:31,1
DA:35,3
DA:39,3
DA:40,3
DA:41,3
DA:42,2
DA:43,2
DA:44,2
DA:45,2
DA:46,2
DA:48,3
DA:49,3
DA:52,5
DA:55,1
LF:22
LH:22
BRDA:30,0,0,1
BRDA:38,1,0,3
BRDA:44,2,0,2
BRDA:44,2,1,0
BRDA:45,3,0,0
BRDA:45,3,1,2
BRDA:48,4,0,0
BRDA:48,4,1,3
BRF:8
BRH:5
end_of_record
TN:
SF:src\utils\soap-fault-handler.ts
FN:50,pushFault
FN:55,getLastFault
FN:56,wasRecentSessionExpiry
FN:58,(anonymous_3)
FN:62,normalizeBasFault
FN:102,handleSoapResponse
FNF:6
FNH:3
FNDA:1,pushFault
FNDA:0,getLastFault
FNDA:0,wasRecentSessionExpiry
FNDA:0,(anonymous_3)
FNDA:1,normalizeBasFault
FNDA:4,handleSoapResponse
DA:1,1
DA:2,1
DA:18,1
DA:33,1
DA:47,1
DA:48,1
DA:51,1
DA:52,1
DA:55,1
DA:56,1
DA:57,0
DA:58,0
DA:62,1
DA:63,1
DA:64,1
DA:67,1
DA:68,1
DA:69,1
DA:71,1
DA:72,0
DA:73,0
DA:74,0
DA:75,0
DA:80,1
DA:81,0
DA:85,1
DA:86,0
DA:87,0
DA:91,1
DA:93,1
DA:94,1
DA:95,1
DA:102,1
DA:103,4
DA:105,4
DA:106,1
DA:107,1
DA:108,1
DA:109,1
DA:110,1
DA:113,1
DA:119,3
LF:42
LH:33
BRDA:52,0,0,0
BRDA:56,1,0,0
BRDA:58,2,0,0
BRDA:58,2,1,0
BRDA:67,3,0,1
BRDA:69,4,0,1
BRDA:71,5,0,0
BRDA:72,6,0,0
BRDA:72,6,1,0
BRDA:72,7,0,0
BRDA:72,7,1,0
BRDA:80,8,0,0
BRDA:80,9,0,1
BRDA:80,9,1,0
BRDA:85,10,0,0
BRDA:85,11,0,1
BRDA:85,11,1,1
BRDA:85,12,0,1
BRDA:85,12,1,0
BRDA:87,13,0,0
BRDA:91,14,0,1
BRDA:91,14,1,0
BRDA:91,14,2,0
BRDA:91,14,3,0
BRDA:91,14,4,0
BRDA:103,15,0,0
BRDA:105,16,0,1
BRDA:108,17,0,1
BRF:28
BRH:9
end_of_record
TN:
SF:src\utils\soap-parser.service.ts
FN:33,parseSoapXmlToJson
FN:125,(anonymous_1)
FN:168,xmlToJsonSync
FN:175,(anonymous_3)
FN:178,(anonymous_4)
FN:188,extractFirstDataChild
FN:192,(anonymous_6)
FN:208,flattenRoot
FN:234,parseObjectXmlToJson
FN:290,new_parseSoapXmlToJson
FN:328,parseXmlObjectNode
FN:364,(anonymous_11)
FN:380,parseNestedObject
FN:435,capitalize
FN:440,parseFastXmlObject
FN:467,mergeObjectsFromNodes
FN:476,serializeXmlElement
FN:480,new_parseObjectXmlToJson
FN:521,parseProdSoapResponse
FN:558,parseprod_content
FN:583,get_prod
FN:584,(anonymous_21)
FN:610,parse_Produit_SoapXml
FN:615,(anonymous_23)
FN:626,(anonymous_24)
FN:692,parseTabRowsXml
FN:711,(anonymous_26)
FN:727,(anonymous_27)
FN:739,extractDataXml
FN:770,ensureArray
FN:778,extractAndCleanEmbeddedXml
FN:790,(anonymous_31)
FN:817,parseSoapEmbeddedXmlToJson
FN:822,(anonymous_33)
FN:832,(anonymous_34)
FN:833,(anonymous_35)
FN:840,forceKeyAsArray
FN:842,(anonymous_37)
FNF:38
FNH:7
FNDA:0,parseSoapXmlToJson
FNDA:0,(anonymous_1)
FNDA:0,xmlToJsonSync
FNDA:0,(anonymous_3)
FNDA:0,(anonymous_4)
FNDA:0,extractFirstDataChild
FNDA:0,(anonymous_6)
FNDA:0,flattenRoot
FNDA:0,parseObjectXmlToJson
FNDA:0,new_parseSoapXmlToJson
FNDA:0,parseXmlObjectNode
FNDA:0,(anonymous_11)
FNDA:0,parseNestedObject
FNDA:0,capitalize
FNDA:0,parseFastXmlObject
FNDA:0,mergeObjectsFromNodes
FNDA:0,serializeXmlElement
FNDA:0,new_parseObjectXmlToJson
FNDA:0,parseProdSoapResponse
FNDA:0,parseprod_content
FNDA:0,get_prod
FNDA:0,(anonymous_21)
FNDA:0,parse_Produit_SoapXml
FNDA:0,(anonymous_23)
FNDA:0,(anonymous_24)
FNDA:0,parseTabRowsXml
FNDA:0,(anonymous_26)
FNDA:0,(anonymous_27)
FNDA:0,extractDataXml
FNDA:1,ensureArray
FNDA:1,extractAndCleanEmbeddedXml
FNDA:0,(anonymous_31)
FNDA:1,parseSoapEmbeddedXmlToJson
FNDA:4,(anonymous_33)
FNDA:3,(anonymous_34)
FNDA:0,(anonymous_35)
FNDA:1,forceKeyAsArray
FNDA:1,(anonymous_37)
DA:1,1
DA:2,1
DA:3,1
DA:8,1
DA:23,1
DA:33,1
DA:35,0
DA:36,0
DA:37,0
DA:38,0
DA:40,0
DA:41,0
DA:42,0
DA:43,0
DA:44,0
DA:45,0
DA:46,0
DA:47,0
DA:48,0
DA:49,0
DA:50,0
DA:53,0
DA:54,0
DA:55,0
DA:56,0
DA:58,0
DA:59,0
DA:61,0
DA:62,0
DA:65,0
DA:66,0
DA:74,0
DA:86,0
DA:87,0
DA:88,0
DA:89,0
DA:90,0
DA:91,0
DA:92,0
DA:94,0
DA:95,0
DA:97,0
DA:98,0
DA:103,0
DA:106,0
DA:107,0
DA:108,0
DA:109,0
DA:110,0
DA:111,0
DA:112,0
DA:115,0
DA:117,0
DA:119,0
DA:120,0
DA:121,0
DA:122,0
DA:123,0
DA:125,0
DA:126,0
DA:129,0
DA:130,0
DA:131,0
DA:134,0
DA:136,0
DA:137,0
DA:139,0
DA:146,0
DA:147,0
DA:148,0
DA:163,0
DA:168,1
DA:169,0
DA:170,0
DA:175,0
DA:178,0
DA:179,0
DA:180,0
DA:182,0
DA:189,0
DA:191,0
DA:193,0
DA:197,0
DA:198,0
DA:201,0
DA:202,0
DA:210,0
DA:216,0
DA:218,0
DA:234,1
DA:235,0
DA:243,0
DA:245,0
DA:247,0
DA:248,0
DA:249,0
DA:252,0
DA:256,0
DA:258,0
DA:259,0
DA:260,0
DA:261,0
DA:263,0
DA:264,0
DA:265,0
DA:266,0
DA:267,0
DA:268,0
DA:269,0
DA:270,0
DA:272,0
DA:276,0
DA:280,0
DA:290,1
DA:294,0
DA:295,0
DA:297,0
DA:299,0
DA:300,0
DA:311,0
DA:313,0
DA:314,0
DA:315,0
DA:316,0
DA:317,0
DA:318,0
DA:319,0
DA:320,0
DA:321,0
DA:322,0
DA:325,0
DA:329,0
DA:332,0
DA:333,0
DA:334,0
DA:338,0
DA:339,0
DA:340,0
DA:341,0
DA:343,0
DA:344,0
DA:345,0
DA:346,0
DA:347,0
DA:349,0
DA:350,0
DA:351,0
DA:352,0
DA:353,0
DA:354,0
DA:355,0
DA:356,0
DA:358,0
DA:363,0
DA:364,0
DA:367,0
DA:368,0
DA:370,0
DA:371,0
DA:372,0
DA:373,0
DA:377,0
DA:381,0
DA:384,0
DA:385,0
DA:386,0
DA:387,0
DA:388,0
DA:390,0
DA:391,0
DA:392,0
DA:393,0
DA:394,0
DA:395,0
DA:396,0
DA:397,0
DA:398,0
DA:399,0
DA:401,0
DA:407,0
DA:408,0
DA:412,0
DA:413,0
DA:415,0
DA:417,0
DA:418,0
DA:422,0
DA:423,0
DA:424,0
DA:428,0
DA:432,0
DA:436,0
DA:441,0
DA:442,0
DA:444,0
DA:445,0
DA:446,0
DA:448,0
DA:449,0
DA:450,0
DA:451,0
DA:452,0
DA:453,0
DA:454,0
DA:455,0
DA:456,0
DA:457,0
DA:459,0
DA:463,0
DA:468,0
DA:469,0
DA:470,0
DA:471,0
DA:473,0
DA:477,0
DA:480,1
DA:481,0
DA:489,0
DA:490,0
DA:492,0
DA:493,0
DA:496,0
DA:498,0
DA:500,0
DA:501,0
DA:502,0
DA:504,0
DA:505,0
DA:506,0
DA:507,0
DA:508,0
DA:509,0
DA:510,0
DA:511,0
DA:512,0
DA:513,0
DA:515,0
DA:519,0
DA:521,1
DA:522,0
DA:525,0
DA:536,0
DA:537,0
DA:541,0
DA:545,0
DA:546,0
DA:547,0
DA:550,0
DA:560,0
DA:561,0
DA:563,0
DA:565,0
DA:567,0
DA:570,0
DA:571,0
DA:572,0
DA:573,0
DA:574,0
DA:576,0
DA:577,0
DA:579,0
DA:584,0
DA:585,0
DA:586,0
DA:588,0
DA:610,1
DA:611,0
DA:612,0
DA:615,0
DA:618,0
DA:619,0
DA:621,0
DA:622,0
DA:623,0
DA:624,0
DA:626,0
DA:627,0
DA:630,0
DA:631,0
DA:635,0
DA:636,0
DA:641,0
DA:644,0
DA:652,0
DA:658,0
DA:659,0
DA:660,0
DA:663,0
DA:664,0
DA:666,0
DA:667,0
DA:668,0
DA:669,0
DA:670,0
DA:671,0
DA:672,0
DA:673,0
DA:674,0
DA:675,0
DA:676,0
DA:678,0
DA:682,0
DA:684,0
DA:685,0
DA:692,1
DA:693,0
DA:696,0
DA:697,0
DA:709,0
DA:711,0
DA:716,0
DA:718,0
DA:720,0
DA:721,0
DA:724,0
DA:727,0
DA:734,0
DA:735,0
DA:740,0
DA:741,0
DA:742,0
DA:743,0
DA:745,0
DA:747,0
DA:749,0
DA:750,0
DA:751,0
DA:752,0
DA:756,0
DA:757,0
DA:771,1
DA:772,1
DA:780,1
DA:781,1
DA:783,1
DA:784,1
DA:785,1
DA:786,0
DA:787,0
DA:790,0
DA:791,0
DA:794,1
DA:797,1
DA:805,1
DA:807,1
DA:817,1
DA:819,1
DA:822,4
DA:826,1
DA:829,1
DA:832,3
DA:833,0
DA:838,1
DA:841,1
DA:842,1
DA:843,1
DA:844,1
DA:845,0
DA:846,0
DA:850,1
DA:854,1
LF:361
LH:37
BRDA:40,0,0,0
BRDA:40,0,1,0
BRDA:41,1,0,0
BRDA:41,1,1,0
BRDA:43,2,0,0
BRDA:43,2,1,0
BRDA:45,3,0,0
BRDA:45,3,1,0
BRDA:45,4,0,0
BRDA:45,4,1,0
BRDA:48,5,0,0
BRDA:48,6,0,0
BRDA:48,6,1,0
BRDA:48,6,2,0
BRDA:48,6,3,0
BRDA:48,6,4,0
BRDA:48,6,5,0
BRDA:55,7,0,0
BRDA:55,7,1,0
BRDA:55,7,2,0
BRDA:55,7,3,0
BRDA:56,8,0,0
BRDA:56,8,1,0
BRDA:58,9,0,0
BRDA:58,10,0,0
BRDA:58,10,1,0
BRDA:61,11,0,0
BRDA:61,11,1,0
BRDA:65,12,0,0
BRDA:90,13,0,0
BRDA:90,13,1,0
BRDA:90,14,0,0
BRDA:90,14,1,0
BRDA:91,15,0,0
BRDA:91,15,1,0
BRDA:91,15,2,0
BRDA:94,16,0,0
BRDA:94,16,1,0
BRDA:103,17,0,0
BRDA:103,17,1,0
BRDA:110,18,0,0
BRDA:110,18,1,0
BRDA:111,19,0,0
BRDA:111,19,1,0
BRDA:112,20,0,0
BRDA:112,20,1,0
BRDA:119,21,0,0
BRDA:119,21,1,0
BRDA:119,22,0,0
BRDA:119,22,1,0
BRDA:122,23,0,0
BRDA:136,24,0,0
BRDA:136,24,1,0
BRDA:175,25,0,0
BRDA:175,25,1,0
BRDA:175,26,0,0
BRDA:175,26,1,0
BRDA:179,27,0,0
BRDA:189,28,0,0
BRDA:189,29,0,0
BRDA:189,29,1,0
BRDA:193,30,0,0
BRDA:193,30,1,0
BRDA:193,30,2,0
BRDA:198,31,0,0
BRDA:201,32,0,0
BRDA:210,33,0,0
BRDA:211,34,0,0
BRDA:211,34,1,0
BRDA:211,34,2,0
BRDA:211,34,3,0
BRDA:245,35,0,0
BRDA:245,36,0,0
BRDA:245,36,1,0
BRDA:245,36,2,0
BRDA:252,37,0,0
BRDA:252,37,1,0
BRDA:263,38,0,0
BRDA:263,38,1,0
BRDA:265,39,0,0
BRDA:265,39,1,0
BRDA:267,40,0,0
BRDA:267,40,1,0
BRDA:269,41,0,0
BRDA:269,41,1,0
BRDA:272,42,0,0
BRDA:272,42,1,0
BRDA:299,43,0,0
BRDA:300,44,0,0
BRDA:300,44,1,0
BRDA:313,45,0,0
BRDA:313,45,1,0
BRDA:316,46,0,0
BRDA:316,46,1,0
BRDA:320,47,0,0
BRDA:320,47,1,0
BRDA:333,48,0,0
BRDA:341,49,0,0
BRDA:349,50,0,0
BRDA:349,50,1,0
BRDA:351,51,0,0
BRDA:351,51,1,0
BRDA:353,52,0,0
BRDA:353,52,1,0
BRDA:355,53,0,0
BRDA:355,53,1,0
BRDA:358,54,0,0
BRDA:358,54,1,0
BRDA:364,55,0,0
BRDA:364,55,1,0
BRDA:371,56,0,0
BRDA:384,57,0,0
BRDA:385,58,0,0
BRDA:385,58,1,0
BRDA:388,59,0,0
BRDA:390,60,0,0
BRDA:390,60,1,0
BRDA:392,61,0,0
BRDA:392,61,1,0
BRDA:394,62,0,0
BRDA:394,62,1,0
BRDA:396,63,0,0
BRDA:396,63,1,0
BRDA:397,64,0,0
BRDA:397,64,1,0
BRDA:398,65,0,0
BRDA:398,65,1,0
BRDA:407,66,0,0
BRDA:413,67,0,0
BRDA:417,68,0,0
BRDA:417,68,1,0
BRDA:418,69,0,0
BRDA:418,69,1,0
BRDA:423,70,0,0
BRDA:424,71,0,0
BRDA:424,71,1,0
BRDA:441,72,0,0
BRDA:441,72,1,0
BRDA:446,73,0,0
BRDA:448,74,0,0
BRDA:448,74,1,0
BRDA:448,75,0,0
BRDA:448,75,1,0
BRDA:450,76,0,0
BRDA:450,76,1,0
BRDA:452,77,0,0
BRDA:452,77,1,0
BRDA:454,78,0,0
BRDA:454,78,1,0
BRDA:455,79,0,0
BRDA:455,79,1,0
BRDA:456,80,0,0
BRDA:456,80,1,0
BRDA:492,81,0,0
BRDA:492,82,0,0
BRDA:492,82,1,0
BRDA:496,83,0,0
BRDA:496,83,1,0
BRDA:502,84,0,0
BRDA:504,85,0,0
BRDA:504,85,1,0
BRDA:504,86,0,0
BRDA:504,86,1,0
BRDA:506,87,0,0
BRDA:506,87,1,0
BRDA:508,88,0,0
BRDA:508,88,1,0
BRDA:510,89,0,0
BRDA:510,89,1,0
BRDA:511,90,0,0
BRDA:511,90,1,0
BRDA:512,91,0,0
BRDA:512,91,1,0
BRDA:541,92,0,0
BRDA:541,92,1,0
BRDA:546,93,0,0
BRDA:546,93,1,0
BRDA:576,94,0,0
BRDA:576,94,1,0
BRDA:586,95,0,0
BRDA:586,95,1,0
BRDA:621,96,0,0
BRDA:621,96,1,0
BRDA:623,97,0,0
BRDA:623,97,1,0
BRDA:623,98,0,0
BRDA:623,98,1,0
BRDA:626,99,0,0
BRDA:626,99,1,0
BRDA:627,100,0,0
BRDA:630,101,0,0
BRDA:659,102,0,0
BRDA:659,103,0,0
BRDA:659,103,1,0
BRDA:659,103,2,0
BRDA:664,104,0,0
BRDA:664,104,1,0
BRDA:667,105,0,0
BRDA:667,105,1,0
BRDA:669,106,0,0
BRDA:669,106,1,0
BRDA:671,107,0,0
BRDA:671,107,1,0
BRDA:673,108,0,0
BRDA:673,108,1,0
BRDA:675,109,0,0
BRDA:675,109,1,0
BRDA:721,110,0,0
BRDA:724,111,0,0
BRDA:724,111,1,0
BRDA:728,112,0,0
BRDA:728,112,1,0
BRDA:729,113,0,0
BRDA:729,113,1,0
BRDA:730,114,0,0
BRDA:730,114,1,0
BRDA:731,115,0,0
BRDA:731,115,1,0
BRDA:743,116,0,0
BRDA:745,117,0,0
BRDA:747,118,0,0
BRDA:749,119,0,0
BRDA:751,120,0,0
BRDA:751,121,0,0
BRDA:751,121,1,0
BRDA:752,122,0,0
BRDA:752,123,0,0
BRDA:752,123,1,0
BRDA:756,124,0,0
BRDA:756,125,0,0
BRDA:756,125,1,0
BRDA:771,126,0,0
BRDA:772,127,0,0
BRDA:772,127,1,1
BRDA:781,128,0,0
BRDA:784,129,0,1
BRDA:784,129,1,0
BRDA:786,130,0,0
BRDA:786,130,1,0
BRDA:786,131,0,0
BRDA:786,131,1,0
BRDA:790,132,0,0
BRDA:790,132,1,0
BRDA:791,133,0,0
BRDA:794,134,0,0
BRDA:833,135,0,0
BRDA:833,135,1,0
BRDA:838,136,0,1
BRDA:841,137,0,0
BRDA:841,138,0,1
BRDA:841,138,1,1
BRDA:843,139,0,1
BRDA:843,139,1,0
BRDA:843,140,0,1
BRDA:843,140,1,1
BRDA:845,141,0,0
BRF:256
BRH:8
end_of_record
TN:
SF:src\utils\xml-parser.ts
FN:3,parseXml
FN:14,objectToXML
FN:17,buildXml
FN:18,(anonymous_3)
FN:23,(anonymous_4)
FN:56,objectToCustomXML
FN:59,getXMLTypeAndValue
FNF:7
FNH:0
FNDA:0,parseXml
FNDA:0,objectToXML
FNDA:0,buildXml
FNDA:0,(anonymous_3)
FNDA:0,(anonymous_4)
FNDA:0,objectToCustomXML
FNDA:0,getXMLTypeAndValue
DA:1,1
DA:2,1
DA:3,1
DA:4,0
DA:14,1
DA:15,0
DA:18,0
DA:19,0
DA:20,0
DA:21,0
DA:22,0
DA:23,0
DA:24,0
DA:25,0
DA:26,0
DA:28,0
DA:31,0
DA:32,0
DA:33,0
DA:34,0
DA:35,0
DA:36,0
DA:37,0
DA:39,0
DA:44,0
DA:46,0
DA:56,1
DA:57,0
DA:60,0
DA:61,0
DA:63,0
DA:65,0
DA:67,0
DA:68,0
DA:70,0
DA:73,0
DA:74,0
DA:75,0
DA:77,0
DA:80,0
DA:84,0
DA:85,0
DA:86,0
DA:87,0
DA:89,0
DA:90,0
DA:91,0
DA:93,0
DA:97,0
DA:98,0
DA:100,0
DA:102,0
DA:106,0
DA:107,0
DA:111,0
LF:55
LH:5
BRDA:19,0,0,0
BRDA:19,0,1,0
BRDA:19,1,0,0
BRDA:19,1,1,0
BRDA:21,2,0,0
BRDA:21,2,1,0
BRDA:25,3,0,0
BRDA:25,3,1,0
BRDA:31,4,0,0
BRDA:31,4,1,0
BRDA:34,5,0,0
BRDA:34,5,1,0
BRDA:35,6,0,0
BRDA:35,6,1,0
BRDA:35,7,0,0
BRDA:35,7,1,0
BRDA:36,8,0,0
BRDA:36,8,1,0
BRDA:37,9,0,0
BRDA:37,9,1,0
BRDA:60,10,0,0
BRDA:60,11,0,0
BRDA:60,11,1,0
BRDA:63,12,0,0
BRDA:63,12,1,0
BRDA:63,12,2,0
BRDA:63,12,3,0
BRDA:67,13,0,0
BRDA:67,13,1,0
BRDA:73,14,0,0
BRDA:73,14,1,0
BRDA:86,15,0,0
BRDA:86,15,1,0
BRDA:97,16,0,0
BRDA:98,17,0,0
BRDA:98,18,0,0
BRDA:98,18,1,0
BRDA:106,19,0,0
BRDA:107,20,0,0
BRDA:107,21,0,0
BRDA:107,21,1,0
BRF:41
BRH:0
end_of_record
TN:
SF:src\validators\api_ajout_piece_au_contratValidator.ts
FN:6,(anonymous_0)
FNF:1
FNH:0
FNDA:0,(anonymous_0)
DA:1,1
DA:3,1
DA:6,0
LF:3
LH:2
BRDA:6,0,0,0
BRDA:6,0,1,0
BRDA:6,1,0,0
BRDA:6,1,1,0
BRF:4
BRH:0
end_of_record
TN:
SF:src\validators\api_check_sessionValidator.ts
FNF:0
FNH:0
DA:1,1
DA:3,1
LF:2
LH:2
BRF:0
BRH:0
end_of_record
TN:
SF:src\validators\api_contrat_updateValidator.ts
FNF:0
FNH:0
DA:1,1
DA:3,1
LF:2
LH:2
BRF:0
BRH:0
end_of_record
TN:
SF:src\validators\api_create_contratValidator.ts
FN:18,(anonymous_0)
FN:157,(anonymous_1)
FN:158,(anonymous_2)
FN:159,(anonymous_3)
FNF:4
FNH:0
FNDA:0,(anonymous_0)
FNDA:0,(anonymous_1)
FNDA:0,(anonymous_2)
FNDA:0,(anonymous_3)
DA:1,1
DA:4,1
DA:18,0
DA:102,1
DA:103,1
DA:104,1
DA:106,1
DA:134,1
DA:156,1
DA:157,0
DA:158,0
DA:159,0
DA:162,1
LF:13
LH:9
BRF:0
BRH:0
end_of_record
TN:
SF:src\validators\api_create_quittanceValidator.ts
FNF:0
FNH:0
DA:1,1
DA:3,1
LF:2
LH:2
BRF:0
BRH:0
end_of_record
TN:
SF:src\validators\api_create_reglementValidator.ts
FN:7,(anonymous_0)
FN:10,(anonymous_1)
FN:12,(anonymous_2)
FN:13,(anonymous_3)
FN:14,(anonymous_4)
FNF:5
FNH:0
FNDA:0,(anonymous_0)
FNDA:0,(anonymous_1)
FNDA:0,(anonymous_2)
FNDA:0,(anonymous_3)
FNDA:0,(anonymous_4)
DA:1,1
DA:3,1
DA:7,0
DA:10,0
DA:12,0
DA:13,0
DA:14,0
LF:7
LH:2
BRDA:7,0,0,0
BRDA:7,0,1,0
BRDA:10,1,0,0
BRDA:10,1,1,0
BRDA:10,2,0,0
BRDA:10,2,1,0
BRDA:12,3,0,0
BRDA:12,3,1,0
BRDA:12,4,0,0
BRDA:12,4,1,0
BRDA:13,5,0,0
BRDA:13,5,1,0
BRDA:14,6,0,0
BRDA:14,6,1,0
BRF:14
BRH:0
end_of_record
TN:
SF:src\validators\api_create_tierValidator.ts
FN:11,(anonymous_0)
FN:47,(anonymous_1)
FNF:2
FNH:0
FNDA:0,(anonymous_0)
FNDA:0,(anonymous_1)
DA:1,1
DA:3,1
DA:11,0
DA:20,1
DA:47,0
DA:64,1
DA:70,1
DA:85,1
DA:93,1
DA:98,1
DA:102,1
LF:11
LH:9
BRDA:11,0,0,0
BRDA:11,0,1,0
BRDA:47,1,0,0
BRDA:47,1,1,0
BRF:4
BRH:0
end_of_record
TN:
SF:src\validators\api_detail_contratValidator.ts
FN:9,(anonymous_0)
FN:10,(anonymous_1)
FN:11,(anonymous_2)
FN:12,(anonymous_3)
FN:13,(anonymous_4)
FNF:5
FNH:0
FNDA:0,(anonymous_0)
FNDA:0,(anonymous_1)
FNDA:0,(anonymous_2)
FNDA:0,(anonymous_3)
FNDA:0,(anonymous_4)
DA:1,1
DA:3,1
DA:9,0
DA:10,0
DA:11,0
DA:12,0
DA:13,0
LF:7
LH:2
BRDA:9,0,0,0
BRDA:9,0,1,0
BRDA:10,1,0,0
BRDA:10,1,1,0
BRDA:11,2,0,0
BRDA:11,2,1,0
BRDA:12,3,0,0
BRDA:12,3,1,0
BRDA:13,4,0,0
BRDA:13,4,1,0
BRF:10
BRH:0
end_of_record
TN:
SF:src\validators\api_detail_produitValidator.ts
FNF:0
FNH:0
DA:1,1
DA:3,1
LF:2
LH:2
BRF:0
BRH:0
end_of_record
TN:
SF:src\validators\api_detail_quittanceValidator.ts
FNF:0
FNH:0
DA:1,1
DA:3,1
LF:2
LH:2
BRF:0
BRH:0
end_of_record
TN:
SF:src\validators\api_detail_tierValidator.ts
FN:6,(anonymous_0)
FNF:1
FNH:0
FNDA:0,(anonymous_0)
DA:1,1
DA:3,1
DA:6,0
LF:3
LH:2
BRDA:6,0,0,0
BRDA:6,0,1,0
BRF:2
BRH:0
end_of_record
TN:
SF:src\validators\api_liste_des_bransValidator.ts
FNF:0
FNH:0
DA:1,1
DA:3,1
LF:2
LH:2
BRF:0
BRH:0
end_of_record
TN:
SF:src\validators\api_liste_des_contratsValidator.ts
FNF:0
FNH:0
DA:1,1
DA:3,1
LF:2
LH:2
BRF:0
BRH:0
end_of_record
TN:
SF:src\validators\api_liste_des_contrats_d_un_tierValidator.ts
FNF:0
FNH:0
DA:1,1
DA:3,1
LF:2
LH:2
BRF:0
BRH:0
end_of_record
TN:
SF:src\validators\api_liste_des_produitsValidator.ts
FNF:0
FNH:0
DA:1,1
DA:3,1
LF:2
LH:2
BRF:0
BRH:0
end_of_record
TN:
SF:src\validators\api_liste_des_quittancesValidator.ts
FNF:0
FNH:0
DA:1,1
DA:3,1
LF:2
LH:2
BRF:0
BRH:0
end_of_record
TN:
SF:src\validators\api_loginValidator.ts
FNF:0
FNH:0
DA:1,1
DA:3,1
LF:2
LH:2
BRF:0
BRH:0
end_of_record
TN:
SF:src\validators\api_logoutValidator.ts
FNF:0
FNH:0
DA:1,1
DA:3,1
LF:2
LH:2
BRF:0
BRH:0
end_of_record
TN:
SF:src\validators\api_profileValidator.ts
FN:5,(anonymous_0)
FN:7,(anonymous_1)
FNF:2
FNH:0
FNDA:0,(anonymous_0)
FNDA:0,(anonymous_1)
DA:1,1
DA:3,1
DA:5,0
DA:7,0
LF:4
LH:2
BRDA:5,0,0,0
BRDA:5,0,1,0
BRDA:7,1,0,0
BRDA:7,1,1,0
BRF:4
BRH:0
end_of_record
TN:
SF:src\validators\api_projects_project_addofferValidator.ts
FN:6,(anonymous_0)
FNF:1
FNH:0
FNDA:0,(anonymous_0)
DA:1,1
DA:3,1
DA:6,0
LF:3
LH:2
BRDA:6,0,0,0
BRDA:6,0,1,0
BRF:2
BRH:0
end_of_record
TN:
SF:src\validators\api_projects_project_createValidator.ts
FN:8,(anonymous_0)
FN:9,(anonymous_1)
FNF:2
FNH:0
FNDA:0,(anonymous_0)
FNDA:0,(anonymous_1)
DA:1,1
DA:3,1
DA:8,0
DA:9,0
LF:4
LH:2
BRDA:8,0,0,0
BRDA:8,0,1,0
BRDA:9,1,0,0
BRDA:9,1,1,0
BRF:4
BRH:0
end_of_record
TN:
SF:src\validators\api_projects_project_deleteofferValidator.ts
FNF:0
FNH:0
DA:1,1
DA:3,1
LF:2
LH:2
BRF:0
BRH:0
end_of_record
TN:
SF:src\validators\api_projects_project_detailValidator.ts
FNF:0
FNH:0
DA:1,1
DA:3,1
LF:2
LH:2
BRF:0
BRH:0
end_of_record
TN:
SF:src\validators\api_projects_project_listitemsValidator.ts
FNF:0
FNH:0
DA:1,1
DA:3,1
LF:2
LH:2
BRF:0
BRH:0
end_of_record
TN:
SF:src\validators\api_projects_project_offerlistitemsValidator.ts
FNF:0
FNH:0
DA:1,1
DA:3,1
LF:2
LH:2
BRF:0
BRH:0
end_of_record
TN:
SF:src\validators\api_projects_project_updateValidator.ts
FN:5,(anonymous_0)
FN:6,(anonymous_1)
FNF:2
FNH:0
FNDA:0,(anonymous_0)
FNDA:0,(anonymous_1)
DA:1,1
DA:3,1
DA:5,0
DA:6,0
LF:4
LH:2
BRDA:5,0,0,0
BRDA:5,0,1,0
BRDA:6,1,0,0
BRDA:6,1,1,0
BRF:4
BRH:0
end_of_record
TN:
SF:src\validators\api_projects_project_validateofferValidator.ts
FN:6,(anonymous_0)
FNF:1
FNH:0
FNDA:0,(anonymous_0)
DA:1,1
DA:3,1
DA:6,0
LF:3
LH:2
BRDA:6,0,0,0
BRDA:6,0,1,0
BRDA:6,1,0,0
BRDA:6,1,1,0
BRF:4
BRH:0
end_of_record
TN:
SF:src\validators\api_sinistres_sinistre_createValidator.ts
FN:8,(anonymous_0)
FN:9,(anonymous_1)
FNF:2
FNH:0
FNDA:0,(anonymous_0)
FNDA:0,(anonymous_1)
DA:1,1
DA:3,1
DA:8,0
DA:9,0
LF:4
LH:2
BRDA:8,0,0,0
BRDA:8,0,1,0
BRDA:9,1,0,0
BRDA:9,1,1,0
BRF:4
BRH:0
end_of_record
TN:
SF:src\validators\api_sinistres_sinistre_detailValidator.ts
FNF:0
FNH:0
DA:1,1
DA:3,1
LF:2
LH:2
BRF:0
BRH:0
end_of_record
TN:
SF:src\validators\api_sinistres_sinistre_listitemsValidator.ts
FNF:0
FNH:0
DA:1,1
DA:3,1
LF:2
LH:2
BRF:0
BRH:0
end_of_record
TN:
SF:src\validators\api_sinistres_sinistre_updateValidator.ts
FN:5,(anonymous_0)
FN:6,(anonymous_1)
FNF:2
FNH:0
FNDA:0,(anonymous_0)
FNDA:0,(anonymous_1)
DA:1,1
DA:3,1
DA:5,0
DA:6,0
LF:4
LH:2
BRDA:5,0,0,0
BRDA:5,0,1,0
BRDA:6,1,0,0
BRDA:6,1,1,0
BRF:4
BRH:0
end_of_record
TN:
SF:src\validators\api_tiers_searchValidator.ts
FN:6,(anonymous_0)
FN:11,(anonymous_1)
FN:15,(anonymous_2)
FNF:3
FNH:0
FNDA:0,(anonymous_0)
FNDA:0,(anonymous_1)
FNDA:0,(anonymous_2)
DA:1,1
DA:3,1
DA:6,0
DA:11,0
DA:15,0
LF:5
LH:2
BRDA:6,0,0,0
BRDA:6,0,1,0
BRDA:11,1,0,0
BRDA:11,1,1,0
BRDA:15,2,0,0
BRDA:15,2,1,0
BRF:6
BRH:0
end_of_record
TN:
SF:src\validators\api_update_piece_contratValidator.ts
FN:7,(anonymous_0)
FNF:1
FNH:0
FNDA:0,(anonymous_0)
DA:1,1
DA:3,1
DA:7,0
LF:3
LH:2
BRDA:7,0,0,0
BRDA:7,0,1,0
BRDA:7,1,0,0
BRDA:7,1,1,0
BRF:4
BRH:0
end_of_record
TN:
SF:src\validators\index.ts
FNF:0
FNH:0
DA:1,1
DA:2,1
DA:3,1
DA:4,1
DA:5,1
DA:6,1
DA:7,1
DA:8,1
DA:9,1
DA:10,1
DA:11,1
DA:12,1
DA:13,1
DA:14,1
DA:15,1
DA:16,1
DA:17,1
DA:18,1
DA:19,1
DA:20,1
DA:21,1
DA:22,1
DA:23,1
DA:24,1
DA:25,1
DA:26,1
DA:27,1
DA:28,1
DA:30,1
DA:31,1
DA:32,1
DA:33,1
LF:32
LH:32
BRF:0
BRH:0
end_of_record
